TN:
SF:app/page.tsx
FN:9,Home
FNF:1
FNH:1
FNDA:3,Home
DA:1,1
DA:2,1
DA:3,1
DA:4,1
DA:5,1
DA:6,1
DA:7,1
DA:9,3
LF:8
LH:8
BRF:0
BRH:0
end_of_record
TN:
SF:app/auth/login/page.tsx
FN:1,LoginPage
FNF:1
FNH:0
FNDA:0,LoginPage
DA:1,0
LF:1
LH:0
BRF:0
BRH:0
end_of_record
TN:
SF:app/components/branding/brand-config.ts
FN:27,getBrandClasses
FNF:1
FNH:1
FNDA:6,getBrandClasses
DA:2,1
DA:3,1
DA:4,1
DA:5,1
DA:6,1
DA:10,67
DA:27,6
DA:28,6
DA:29,6
DA:31,6
DA:34,6
DA:35,6
DA:39,6
DA:40,6
DA:41,6
DA:42,6
DA:43,0
DA:44,6
DA:45,6
DA:46,6
DA:47,6
DA:48,6
DA:55,6
DA:56,6
DA:57,6
DA:58,6
DA:62,6
LF:27
LH:26
BRDA:29,0,0,0
BRDA:29,0,1,6
BRDA:34,1,0,6
BRDA:34,1,1,0
BRDA:34,2,0,6
BRDA:34,2,1,6
BRDA:39,3,0,6
BRDA:39,3,1,0
BRDA:39,4,0,6
BRDA:39,4,1,6
BRDA:39,4,2,6
BRDA:41,5,0,6
BRDA:41,5,1,0
BRDA:42,6,0,0
BRDA:42,6,1,6
BRDA:44,7,0,6
BRDA:44,7,1,0
BRDA:44,8,0,6
BRDA:44,8,1,6
BRDA:47,9,0,6
BRDA:47,9,1,0
BRDA:47,10,0,6
BRDA:47,10,1,6
BRDA:55,11,0,6
BRDA:55,11,1,0
BRDA:55,12,0,6
BRDA:55,12,1,6
BRDA:55,12,2,6
BRDA:57,13,0,6
BRDA:57,13,1,0
BRF:30
BRH:21
end_of_record
TN:
SF:app/components/branding/brand-utils.ts
FN:29,(anonymous_7)
FN:58,buildComponentClasses
FN:74,getColor
FN:89,getSpacing
FN:96,getRadius
FNF:5
FNH:1
FNDA:0,(anonymous_7)
FNDA:6,buildComponentClasses
FNDA:0,getColor
FNDA:0,getSpacing
FNDA:0,getRadius
DA:1,1
DA:8,1
DA:30,0
DA:58,6
DA:66,6
DA:67,6
DA:68,6
DA:74,0
DA:75,0
DA:76,0
DA:78,0
DA:79,0
DA:80,0
DA:83,0
DA:89,0
DA:90,0
DA:96,0
DA:97,0
DA:101,0
LF:19
LH:6
BRDA:60,0,0,0
BRDA:66,1,0,0
BRDA:80,2,0,0
BRDA:80,2,1,0
BRDA:83,3,0,0
BRDA:83,3,1,0
BRF:6
BRH:0
end_of_record
TN:
SF:app/components/branding/index.ts
FNF:0
FNH:0
DA:2,51
DA:3,6
DA:6,1
DA:7,1
DA:8,1
DA:11,1
DA:12,1
LF:7
LH:7
BRF:0
BRH:0
end_of_record
TN:
SF:app/components/branding/components/core.ts
FNF:0
FNH:0
DA:2,1
LF:1
LH:1
BRF:0
BRH:0
end_of_record
TN:
SF:app/components/branding/components/ui.ts
FNF:0
FNH:0
DA:2,1
LF:1
LH:1
BRF:0
BRH:0
end_of_record
TN:
SF:app/components/branding/tokens/colors.ts
FNF:0
FNH:0
DA:2,1
LF:1
LH:1
BRF:0
BRH:0
end_of_record
TN:
SF:app/components/branding/tokens/spacing.ts
FNF:0
FNH:0
DA:2,1
LF:1
LH:1
BRF:0
BRH:0
end_of_record
TN:
SF:app/components/branding/tokens/typography.ts
FNF:0
FNH:0
DA:2,1
LF:1
LH:1
BRF:0
BRH:0
end_of_record
TN:
SF:app/components/core/link.tsx
FN:12,Link
FNF:1
FNH:0
FNDA:0,Link
DA:1,0
DA:12,0
DA:13,0
DA:14,0
DA:15,0
LF:5
LH:0
BRDA:12,0,0,0
BRDA:12,1,0,0
BRF:2
BRH:0
end_of_record
TN:
SF:app/components/core/logo.tsx
FN:11,Logo
FNF:1
FNH:0
FNDA:0,Logo
DA:1,0
DA:2,0
DA:3,0
DA:11,0
DA:12,0
DA:13,0
DA:27,0
LF:7
LH:0
BRDA:11,0,0,0
BRDA:11,1,0,0
BRDA:22,2,0,0
BRDA:22,2,1,0
BRDA:27,3,0,0
BRDA:27,3,1,0
BRF:6
BRH:0
end_of_record
TN:
SF:app/components/core/section.tsx
FN:13,Section
FNF:1
FNH:1
FNDA:15,Section
DA:1,1
DA:2,1
DA:13,15
DA:21,15
DA:23,15
DA:27,15
DA:29,15
DA:39,15
DA:40,3
LF:9
LH:9
BRDA:15,0,0,3
BRDA:16,1,0,0
BRDA:17,2,0,15
BRDA:18,3,0,12
BRDA:19,4,0,12
BRDA:23,5,0,0
BRDA:23,5,1,15
BRDA:29,6,0,0
BRDA:29,6,1,15
BRDA:39,7,0,3
BRDA:39,7,1,12
BRF:11
BRH:8
end_of_record
TN:
SF:app/components/layout/actions.tsx
FN:8,Actions
FNF:1
FNH:0
FNDA:0,Actions
DA:8,0
LF:1
LH:0
BRDA:8,0,0,0
BRF:1
BRH:0
end_of_record
TN:
SF:app/components/layout/background.tsx
FN:1,Background
FNF:1
FNH:1
FNDA:3,Background
DA:1,3
LF:1
LH:1
BRF:0
BRH:0
end_of_record
TN:
SF:app/components/layout/content.tsx
FN:7,Content
FNF:1
FNH:0
FNDA:0,Content
DA:7,0
LF:1
LH:0
BRF:0
BRH:0
end_of_record
TN:
SF:app/components/layout/footer-column.tsx
FN:8,FooterColumn
FNF:1
FNH:0
FNDA:0,FooterColumn
DA:8,0
LF:1
LH:0
BRF:0
BRH:0
end_of_record
TN:
SF:app/components/layout/footer-info.tsx
FN:7,FooterInfo
FNF:1
FNH:0
FNDA:0,FooterInfo
DA:7,0
LF:1
LH:0
BRF:0
BRH:0
end_of_record
TN:
SF:app/components/layout/footer-legal-links.tsx
FN:7,FooterLegalLinks
FNF:1
FNH:0
FNDA:0,FooterLegalLinks
DA:7,0
LF:1
LH:0
BRF:0
BRH:0
end_of_record
TN:
SF:app/components/layout/footer-legal.tsx
FN:7,FooterLegal
FNF:1
FNH:0
FNDA:0,FooterLegal
DA:7,0
LF:1
LH:0
BRF:0
BRH:0
end_of_record
TN:
SF:app/components/layout/footer-link.tsx
FN:8,FooterLink
FNF:1
FNH:0
FNDA:0,FooterLink
DA:1,0
DA:8,0
LF:2
LH:0
BRF:0
BRH:0
end_of_record
TN:
SF:app/components/layout/footer-nav.tsx
FN:7,FooterNav
FNF:1
FNH:0
FNDA:0,FooterNav
DA:7,0
LF:1
LH:0
BRF:0
BRH:0
end_of_record
TN:
SF:app/components/layout/footer-text.tsx
FN:8,FooterText
FNF:1
FNH:0
FNDA:0,FooterText
DA:1,0
DA:8,0
LF:2
LH:0
BRF:0
BRH:0
end_of_record
TN:
SF:app/components/layout/footer.tsx
FN:7,Footer
FNF:1
FNH:0
FNDA:0,Footer
DA:7,0
LF:1
LH:0
BRF:0
BRH:0
end_of_record
TN:
SF:app/components/layout/header.tsx
FN:7,Header
FNF:1
FNH:0
FNDA:0,Header
DA:7,0
LF:1
LH:0
BRF:0
BRH:0
end_of_record
TN:
SF:app/components/layout/nav-link.tsx
FN:9,NavLink
FNF:1
FNH:0
FNDA:0,NavLink
DA:1,0
DA:9,0
LF:2
LH:0
BRDA:9,0,0,0
BRF:1
BRH:0
end_of_record
TN:
SF:app/components/layout/nav.tsx
FN:7,Nav
FNF:1
FNH:0
FNDA:0,Nav
DA:7,0
LF:1
LH:0
BRF:0
BRH:0
end_of_record
TN:
SF:app/components/ui/alert.tsx
FN:10,Alert
FNF:1
FNH:0
FNDA:0,Alert
DA:1,0
DA:10,0
DA:11,0
DA:13,0
DA:29,0
LF:5
LH:0
BRDA:10,0,0,0
BRDA:10,1,0,0
BRDA:10,2,0,0
BRF:3
BRH:0
end_of_record
TN:
SF:app/components/ui/badge.tsx
FN:10,Badge
FNF:1
FNH:1
FNDA:3,Badge
DA:1,1
DA:10,3
DA:11,3
DA:13,3
LF:4
LH:4
BRDA:10,0,0,0
BRDA:10,1,0,0
BRDA:10,2,0,3
BRF:3
BRH:1
end_of_record
TN:
SF:app/components/ui/button.tsx
FN:13,Button
FNF:1
FNH:1
FNDA:6,Button
DA:1,1
DA:2,1
DA:13,6
DA:14,6
LF:4
LH:4
BRDA:13,0,0,3
BRDA:13,1,0,0
BRDA:13,2,0,0
BRDA:13,3,0,0
BRF:4
BRH:1
end_of_record
TN:
SF:app/components/ui/card.tsx
FN:9,Card
FNF:1
FNH:0
FNDA:0,Card
DA:1,0
DA:2,0
DA:9,0
DA:10,0
LF:4
LH:0
BRDA:9,0,0,0
BRF:1
BRH:0
end_of_record
TN:
SF:app/components/ui/code-block.tsx
FN:8,CodeBlock
FNF:1
FNH:0
FNDA:0,CodeBlock
DA:1,0
DA:8,0
LF:2
LH:0
BRDA:8,0,0,0
BRF:1
BRH:0
end_of_record
TN:
SF:app/components/ui/dialog.tsx
FN:9,Dialog
FN:22,DialogContent
FN:37,DialogHeader
FN:50,DialogTitle
FNF:4
FNH:0
FNDA:0,Dialog
FNDA:0,DialogContent
FNDA:0,DialogHeader
FNDA:0,DialogTitle
DA:1,0
DA:9,0
DA:22,0
DA:23,0
DA:37,0
DA:50,0
DA:51,0
DA:61,0
DA:62,0
DA:63,0
DA:64,0
LF:11
LH:0
BRDA:22,0,0,0
BRDA:37,1,0,0
BRDA:50,2,0,0
BRF:3
BRH:0
end_of_record
TN:
SF:app/components/ui/heading.tsx
FN:11,Heading
FNF:1
FNH:1
FNDA:12,Heading
DA:1,1
DA:2,1
DA:11,12
DA:12,12
DA:13,12
DA:14,12
DA:18,12
DA:20,12
LF:8
LH:8
BRDA:11,0,0,0
BRDA:11,1,0,9
BRDA:11,2,0,12
BRDA:14,3,0,3
BRDA:14,3,1,9
BRF:5
BRH:4
end_of_record
TN:
SF:app/components/ui/input.tsx
FN:9,(anonymous_4)
FNF:1
FNH:0
FNDA:0,(anonymous_4)
DA:1,0
DA:2,0
DA:8,0
DA:10,0
DA:12,0
DA:27,0
LF:6
LH:0
BRDA:9,0,0,0
BRDA:9,1,0,0
BRF:2
BRH:0
end_of_record
TN:
SF:app/components/ui/label.tsx
FN:7,Label
FNF:1
FNH:0
FNDA:0,Label
DA:1,0
DA:7,0
DA:8,0
DA:10,0
LF:4
LH:0
BRDA:7,0,0,0
BRDA:7,1,0,0
BRF:2
BRH:0
end_of_record
TN:
SF:app/components/ui/list.tsx
FN:15,List
FN:38,ListItem
FNF:2
FNH:0
FNDA:0,List
FNDA:0,ListItem
DA:1,0
DA:15,0
DA:16,0
DA:18,0
DA:24,0
DA:29,0
DA:38,0
LF:7
LH:0
BRDA:15,0,0,0
BRDA:15,1,0,0
BRDA:15,2,0,0
BRDA:29,3,0,0
BRDA:29,3,1,0
BRDA:38,4,0,0
BRF:6
BRH:0
end_of_record
TN:
SF:app/components/ui/metric.tsx
FN:10,Metric
FNF:1
FNH:1
FNDA:6,Metric
DA:1,1
DA:10,6
DA:11,6
LF:3
LH:3
BRDA:10,0,0,0
BRDA:10,1,0,6
BRF:2
BRH:1
end_of_record
TN:
SF:app/components/ui/separator.tsx
FN:9,Separator
FNF:1
FNH:1
FNDA:3,Separator
DA:1,1
DA:9,3
DA:10,3
DA:16,3
DA:23,3
DA:25,3
LF:6
LH:6
BRDA:9,0,0,0
BRDA:9,1,0,0
BRDA:9,2,0,3
BRDA:23,3,0,0
BRDA:23,3,1,3
BRDA:25,4,0,3
BRDA:25,4,1,0
BRF:7
BRH:3
end_of_record
TN:
SF:app/components/ui/text.tsx
FN:10,Text
FNF:1
FNH:0
FNDA:0,Text
DA:2,0
DA:10,0
DA:11,0
LF:3
LH:0
BRDA:10,0,0,0
BRDA:10,1,0,0
BRF:2
BRH:0
end_of_record
TN:
SF:app/components/ui/tooltip.tsx
FN:10,Tooltip
FNF:1
FNH:0
FNDA:0,Tooltip
DA:1,0
DA:10,0
DA:11,0
DA:31,0
DA:32,0
DA:33,0
LF:6
LH:0
BRDA:10,0,0,0
BRDA:10,1,0,0
BRF:2
BRH:0
end_of_record
TN:
SF:components/auth.tsx
FN:24,ProviderSettingsView
FN:41,(anonymous_2)
FN:43,(anonymous_3)
FN:62,(anonymous_4)
FN:68,(anonymous_5)
FN:94,AuthManager
FN:104,(anonymous_7)
FN:106,(anonymous_8)
FN:147,(anonymous_9)
FN:156,(anonymous_10)
FN:164,(anonymous_11)
FN:170,(anonymous_12)
FN:224,(anonymous_13)
FN:228,(anonymous_14)
FNF:14
FNH:0
FNDA:0,ProviderSettingsView
FNDA:0,(anonymous_2)
FNDA:0,(anonymous_3)
FNDA:0,(anonymous_4)
FNDA:0,(anonymous_5)
FNDA:0,AuthManager
FNDA:0,(anonymous_7)
FNDA:0,(anonymous_8)
FNDA:0,(anonymous_9)
FNDA:0,(anonymous_10)
FNDA:0,(anonymous_11)
FNDA:0,(anonymous_12)
FNDA:0,(anonymous_13)
FNDA:0,(anonymous_14)
DA:3,0
DA:7,0
DA:15,0
DA:16,0
DA:17,0
DA:19,0
DA:20,0
DA:21,0
DA:22,0
DA:37,0
DA:39,0
DA:41,0
DA:42,0
DA:43,0
DA:46,0
DA:47,0
DA:48,0
DA:51,0
DA:62,0
DA:63,0
DA:64,0
DA:66,0
DA:67,0
DA:69,0
DA:70,0
DA:72,0
DA:77,0
DA:94,0
DA:99,0
DA:101,0
DA:102,0
DA:104,0
DA:105,0
DA:106,0
DA:109,0
DA:110,0
DA:111,0
DA:114,0
DA:125,0
DA:146,0
DA:148,0
DA:156,0
DA:164,0
DA:165,0
DA:166,0
DA:168,0
DA:169,0
DA:171,0
DA:172,0
DA:174,0
DA:180,0
DA:225,0
DA:228,0
LF:53
LH:0
BRDA:39,0,0,0
BRDA:39,0,1,0
BRDA:46,1,0,0
BRDA:46,1,1,0
BRDA:63,2,0,0
BRDA:63,2,1,0
BRDA:69,3,0,0
BRDA:69,3,1,0
BRDA:109,4,0,0
BRDA:109,4,1,0
BRDA:165,5,0,0
BRDA:165,5,1,0
BRDA:171,6,0,0
BRDA:171,6,1,0
BRDA:180,7,0,0
BRDA:180,7,1,0
BRF:16
BRH:0
end_of_record
TN:
SF:components/avatar-stack.tsx
FN:26,(anonymous_6)
FN:45,(anonymous_7)
FN:53,(anonymous_8)
FN:73,(anonymous_9)
FNF:4
FNH:0
FNDA:0,(anonymous_6)
FNDA:0,(anonymous_7)
FNDA:0,(anonymous_8)
FNDA:0,(anonymous_9)
DA:1,0
DA:2,0
DA:3,0
DA:4,0
DA:5,0
DA:7,0
DA:26,0
DA:33,0
DA:34,0
DA:46,0
DA:53,0
DA:74,0
DA:83,0
LF:13
LH:0
BRDA:30,0,0,0
BRDA:41,1,0,0
BRDA:41,1,1,0
BRDA:65,2,0,0
BRDA:65,2,1,0
BRF:5
BRH:0
end_of_record
TN:
SF:components/chat-message.tsx
FN:10,(anonymous_1)
FNF:1
FNH:0
FNDA:0,(anonymous_1)
DA:1,0
DA:10,0
LF:2
LH:0
BRDA:12,0,0,0
BRDA:12,0,1,0
BRDA:18,1,0,0
BRDA:37,2,0,0
BRDA:37,2,1,0
BRF:5
BRH:0
end_of_record
TN:
SF:components/current-user-avatar.tsx
FN:7,(anonymous_1)
FN:12,(anonymous_2)
FNF:2
FNH:0
FNDA:0,(anonymous_1)
FNDA:0,(anonymous_2)
DA:3,0
DA:4,0
DA:5,0
DA:7,0
DA:8,0
DA:9,0
DA:10,0
DA:12,0
LF:8
LH:0
BRDA:18,0,0,0
BRF:1
BRH:0
end_of_record
TN:
SF:components/cursor.tsx
FN:4,(anonymous_1)
FNF:1
FNH:0
FNDA:0,(anonymous_1)
DA:1,0
DA:2,0
DA:4,0
LF:3
LH:0
BRF:0
BRH:0
end_of_record
TN:
SF:components/database.tsx
FN:17,generateZodSchema
FN:58,(anonymous_2)
FN:62,(anonymous_3)
FN:65,EditRowView
FN:77,(anonymous_5)
FN:79,(anonymous_6)
FN:105,(anonymous_7)
FN:113,(anonymous_8)
FN:117,(anonymous_9)
FN:174,(anonymous_10)
FN:203,TableRecordsView
FN:208,(anonymous_12)
FN:216,(anonymous_13)
FN:218,(anonymous_14)
FN:243,DatabaseManager
FN:248,(anonymous_16)
FN:257,(anonymous_17)
FN:305,(anonymous_18)
FN:311,(anonymous_19)
FNF:19
FNH:0
FNDA:0,generateZodSchema
FNDA:0,(anonymous_2)
FNDA:0,(anonymous_3)
FNDA:0,EditRowView
FNDA:0,(anonymous_5)
FNDA:0,(anonymous_6)
FNDA:0,(anonymous_7)
FNDA:0,(anonymous_8)
FNDA:0,(anonymous_9)
FNDA:0,(anonymous_10)
FNDA:0,TableRecordsView
FNDA:0,(anonymous_12)
FNDA:0,(anonymous_13)
FNDA:0,(anonymous_14)
FNDA:0,DatabaseManager
FNDA:0,(anonymous_16)
FNDA:0,(anonymous_17)
FNDA:0,(anonymous_18)
FNDA:0,(anonymous_19)
DA:3,0
DA:4,0
DA:5,0
DA:6,0
DA:7,0
DA:8,0
DA:9,0
DA:10,0
DA:11,0
DA:12,0
DA:13,0
DA:14,0
DA:18,0
DA:19,0
DA:22,0
DA:23,0
DA:25,0
DA:28,0
DA:30,0
DA:31,0
DA:32,0
DA:33,0
DA:34,0
DA:35,0
DA:36,0
DA:43,0
DA:46,0
DA:49,0
DA:50,0
DA:53,0
DA:55,0
DA:58,0
DA:59,0
DA:60,0
DA:62,0
DA:76,0
DA:77,0
DA:79,0
DA:80,0
DA:82,0
DA:83,0
DA:85,0
DA:87,0
DA:89,0
DA:96,0
DA:101,0
DA:104,0
DA:106,0
DA:107,0
DA:108,0
DA:109,0
DA:112,0
DA:114,0
DA:117,0
DA:118,0
DA:119,0
DA:124,0
DA:129,0
DA:130,0
DA:131,0
DA:133,0
DA:134,0
DA:139,0
DA:141,0
DA:143,0
DA:144,0
DA:147,0
DA:149,0
DA:150,0
DA:153,0
DA:155,0
DA:156,0
DA:157,0
DA:159,0
DA:162,0
DA:167,0
DA:168,0
DA:169,0
DA:170,0
DA:173,0
DA:175,0
DA:177,0
DA:178,0
DA:182,0
DA:184,0
DA:204,0
DA:205,0
DA:207,0
DA:209,0
DA:217,0
DA:218,0
DA:243,0
DA:244,0
DA:245,0
DA:247,0
DA:249,0
DA:257,0
DA:258,0
DA:306,0
DA:311,0
LF:100
LH:0
BRDA:18,0,0,0
BRDA:18,0,1,0
BRDA:18,1,0,0
BRDA:18,1,1,0
BRDA:25,2,0,0
BRDA:25,2,1,0
BRDA:25,3,0,0
BRDA:25,3,1,0
BRDA:30,4,0,0
BRDA:30,4,1,0
BRDA:32,5,0,0
BRDA:32,5,1,0
BRDA:32,6,0,0
BRDA:32,6,1,0
BRDA:34,7,0,0
BRDA:34,7,1,0
BRDA:36,8,0,0
BRDA:36,8,1,0
BRDA:37,9,0,0
BRDA:37,9,1,0
BRDA:37,9,2,0
BRDA:37,9,3,0
BRDA:49,10,0,0
BRDA:49,10,1,0
BRDA:59,11,0,0
BRDA:59,11,1,0
BRDA:59,12,0,0
BRDA:59,12,1,0
BRDA:80,13,0,0
BRDA:80,13,1,0
BRDA:80,14,0,0
BRDA:80,14,1,0
BRDA:85,15,0,0
BRDA:85,15,1,0
BRDA:85,16,0,0
BRDA:85,16,1,0
BRDA:89,17,0,0
BRDA:89,17,1,0
BRDA:89,18,0,0
BRDA:89,18,1,0
BRDA:89,18,2,0
BRDA:89,18,3,0
BRDA:107,19,0,0
BRDA:107,19,1,0
BRDA:114,20,0,0
BRDA:114,20,1,0
BRDA:118,21,0,0
BRDA:118,21,1,0
BRDA:119,22,0,0
BRDA:119,22,1,0
BRDA:124,23,0,0
BRDA:124,23,1,0
BRDA:125,24,0,0
BRDA:125,24,1,0
BRDA:125,24,2,0
BRDA:125,24,3,0
BRDA:129,25,0,0
BRDA:129,25,1,0
BRDA:131,26,0,0
BRDA:131,26,1,0
BRDA:141,27,0,0
BRDA:141,27,1,0
BRDA:141,28,0,0
BRDA:141,28,1,0
BRDA:147,29,0,0
BRDA:147,29,1,0
BRDA:153,30,0,0
BRDA:153,30,1,0
BRDA:153,31,0,0
BRDA:153,31,1,0
BRDA:156,32,0,0
BRDA:156,32,1,0
BRDA:167,33,0,0
BRDA:167,33,1,0
BRDA:177,34,0,0
BRDA:177,34,1,0
BRDA:286,35,0,0
BRDA:294,36,0,0
BRDA:303,37,0,0
BRDA:303,37,1,0
BRDA:303,38,0,0
BRDA:303,38,1,0
BRDA:321,39,0,0
BRDA:321,39,1,0
BRDA:321,40,0,0
BRDA:321,40,1,0
BRDA:321,40,2,0
BRF:87
BRH:0
end_of_record
TN:
SF:components/dropzone.tsx
FN:9,(anonymous_6)
FN:31,(anonymous_7)
FN:43,(anonymous_8)
FN:64,(anonymous_9)
FN:80,(anonymous_10)
FN:81,(anonymous_11)
FN:99,(anonymous_12)
FN:100,(anonymous_13)
FN:101,(anonymous_14)
FN:125,(anonymous_15)
FN:148,(anonymous_16)
FN:167,(anonymous_17)
FN:184,(anonymous_18)
FN:202,(anonymous_19)
FN:219,(anonymous_20)
FNF:15
FNH:0
FNDA:0,(anonymous_6)
FNDA:0,(anonymous_7)
FNDA:0,(anonymous_8)
FNDA:0,(anonymous_9)
FNDA:0,(anonymous_10)
FNDA:0,(anonymous_11)
FNDA:0,(anonymous_12)
FNDA:0,(anonymous_13)
FNDA:0,(anonymous_14)
FNDA:0,(anonymous_15)
FNDA:0,(anonymous_16)
FNDA:0,(anonymous_17)
FNDA:0,(anonymous_18)
FNDA:0,(anonymous_19)
FNDA:0,(anonymous_20)
DA:3,0
DA:5,0
DA:6,0
DA:7,0
DA:9,0
DA:14,0
DA:15,0
DA:16,0
DA:18,0
DA:19,0
DA:20,0
DA:25,0
DA:31,0
DA:38,0
DA:39,0
DA:41,0
DA:43,0
DA:64,0
DA:75,0
DA:77,0
DA:79,0
DA:81,0
DA:86,0
DA:100,0
DA:101,0
DA:103,0
DA:126,0
DA:148,0
DA:167,0
DA:184,0
DA:185,0
DA:187,0
DA:188,0
DA:202,0
DA:219,0
DA:220,0
DA:222,0
DA:223,0
DA:226,0
DA:229,0
LF:40
LH:0
BRDA:11,0,0,0
BRDA:15,1,0,0
BRDA:15,1,1,0
BRDA:18,2,0,0
BRDA:18,2,1,0
BRDA:18,3,0,0
BRDA:18,3,1,0
BRDA:18,4,0,0
BRDA:18,4,1,0
BRDA:19,5,0,0
BRDA:19,5,1,0
BRDA:41,6,0,0
BRDA:41,6,1,0
BRDA:41,6,2,0
BRDA:41,6,3,0
BRDA:41,6,4,0
BRDA:52,7,0,0
BRDA:52,7,1,0
BRDA:53,8,0,0
BRDA:53,8,1,0
BRDA:54,9,0,0
BRDA:54,9,1,0
BRDA:86,10,0,0
BRDA:86,10,1,0
BRDA:91,11,0,0
BRDA:91,11,1,0
BRDA:109,12,0,0
BRDA:123,13,0,0
BRDA:126,14,0,0
BRDA:126,14,1,0
BRDA:133,15,0,0
BRDA:132,16,0,0
BRDA:132,16,1,0
BRDA:135,17,0,0
BRDA:137,18,0,0
BRDA:143,19,0,0
BRDA:143,19,1,0
BRDA:156,20,0,0
BRDA:159,21,0,0
BRDA:159,21,1,0
BRDA:162,22,0,0
BRDA:162,22,1,0
BRDA:167,23,0,0
BRDA:167,23,1,0
BRDA:170,24,0,0
BRDA:187,25,0,0
BRDA:187,25,1,0
BRDA:195,26,0,0
BRDA:195,26,1,0
BRDA:195,27,0,0
BRDA:195,27,1,0
BRDA:196,28,0,0
BRDA:196,28,1,0
BRDA:196,29,0,0
BRDA:196,29,1,0
BRDA:205,30,0,0
BRDA:205,30,1,0
BRDA:209,31,0,0
BRDA:222,32,0,0
BRDA:222,32,1,0
BRF:60
BRH:0
end_of_record
TN:
SF:components/dynamic-form.tsx
FN:36,(anonymous_1)
FN:39,(anonymous_2)
FN:52,(anonymous_3)
FN:75,DynamicForm
FN:86,(anonymous_5)
FN:95,(anonymous_6)
FN:144,(anonymous_7)
FN:149,(anonymous_8)
FN:158,(anonymous_9)
FN:189,(anonymous_10)
FN:206,(anonymous_11)
FN:214,(anonymous_12)
FN:217,(anonymous_13)
FN:226,(anonymous_14)
FN:273,(anonymous_15)
FN:314,(anonymous_16)
FN:327,(anonymous_17)
FN:369,(anonymous_18)
FN:406,(anonymous_19)
FNF:19
FNH:0
FNDA:0,(anonymous_1)
FNDA:0,(anonymous_2)
FNDA:0,(anonymous_3)
FNDA:0,DynamicForm
FNDA:0,(anonymous_5)
FNDA:0,(anonymous_6)
FNDA:0,(anonymous_7)
FNDA:0,(anonymous_8)
FNDA:0,(anonymous_9)
FNDA:0,(anonymous_10)
FNDA:0,(anonymous_11)
FNDA:0,(anonymous_12)
FNDA:0,(anonymous_13)
FNDA:0,(anonymous_14)
FNDA:0,(anonymous_15)
FNDA:0,(anonymous_16)
FNDA:0,(anonymous_17)
FNDA:0,(anonymous_18)
FNDA:0,(anonymous_19)
DA:3,0
DA:4,0
DA:6,0
DA:15,0
DA:16,0
DA:17,0
DA:24,0
DA:25,0
DA:36,0
DA:37,0
DA:39,0
DA:40,0
DA:45,0
DA:49,0
DA:52,0
DA:54,0
DA:64,0
DA:65,0
DA:67,0
DA:69,0
DA:72,0
DA:75,0
DA:83,0
DA:85,0
DA:87,0
DA:88,0
DA:89,0
DA:95,0
DA:97,0
DA:101,0
DA:102,0
DA:105,0
DA:107,0
DA:110,0
DA:111,0
DA:114,0
DA:115,0
DA:119,0
DA:120,0
DA:121,0
DA:124,0
DA:125,0
DA:128,0
DA:129,0
DA:131,0
DA:132,0
DA:134,0
DA:139,0
DA:144,0
DA:145,0
DA:146,0
DA:147,0
DA:148,0
DA:150,0
DA:151,0
DA:152,0
DA:154,0
DA:155,0
DA:158,0
DA:160,0
DA:161,0
DA:162,0
DA:163,0
DA:164,0
DA:165,0
DA:166,0
DA:167,0
DA:171,0
DA:172,0
DA:173,0
DA:174,0
DA:177,0
DA:178,0
DA:179,0
DA:180,0
DA:181,0
DA:183,0
DA:184,0
DA:185,0
DA:186,0
DA:189,0
DA:193,0
DA:196,0
DA:199,0
DA:201,0
DA:205,0
DA:206,0
DA:207,0
DA:210,0
DA:214,0
DA:215,0
DA:217,0
DA:218,0
DA:219,0
DA:221,0
DA:227,0
DA:229,0
DA:230,0
DA:231,0
DA:274,0
DA:275,0
DA:276,0
DA:301,0
DA:302,0
DA:315,0
DA:316,0
DA:328,0
DA:370,0
DA:371,0
DA:373,0
DA:375,0
DA:376,0
DA:377,0
DA:378,0
DA:381,0
DA:385,0
DA:396,0
DA:407,0
LF:118
LH:0
BRDA:37,0,0,0
BRDA:37,0,1,0
BRDA:40,1,0,0
BRDA:40,1,1,0
BRDA:41,2,0,0
BRDA:41,2,1,0
BRDA:41,2,2,0
BRDA:52,3,0,0
BRDA:52,3,1,0
BRDA:55,4,0,0
BRDA:55,4,1,0
BRDA:55,4,2,0
BRDA:55,4,3,0
BRDA:55,4,4,0
BRDA:55,4,5,0
BRDA:55,4,6,0
BRDA:55,4,7,0
BRDA:65,5,0,0
BRDA:65,5,1,0
BRDA:65,6,0,0
BRDA:65,6,1,0
BRDA:78,7,0,0
BRDA:88,8,0,0
BRDA:88,8,1,0
BRDA:95,9,0,0
BRDA:95,9,1,0
BRDA:97,10,0,0
BRDA:97,10,1,0
BRDA:98,11,0,0
BRDA:98,11,1,0
BRDA:107,12,0,0
BRDA:107,12,1,0
BRDA:107,12,2,0
BRDA:107,12,3,0
BRDA:107,12,4,0
BRDA:107,12,5,0
BRDA:107,12,6,0
BRDA:107,12,7,0
BRDA:107,12,8,0
BRDA:107,12,9,0
BRDA:107,12,10,0
BRDA:119,13,0,0
BRDA:119,13,1,0
BRDA:120,14,0,0
BRDA:120,14,1,0
BRDA:145,15,0,0
BRDA:145,15,1,0
BRDA:151,16,0,0
BRDA:151,16,1,0
BRDA:154,17,0,0
BRDA:154,17,1,0
BRDA:158,18,0,0
BRDA:158,18,1,0
BRDA:161,19,0,0
BRDA:161,19,1,0
BRDA:161,20,0,0
BRDA:161,20,1,0
BRDA:163,21,0,0
BRDA:163,21,1,0
BRDA:163,22,0,0
BRDA:163,22,1,0
BRDA:164,23,0,0
BRDA:164,23,1,0
BRDA:164,24,0,0
BRDA:164,24,1,0
BRDA:165,25,0,0
BRDA:165,25,1,0
BRDA:165,26,0,0
BRDA:165,26,1,0
BRDA:166,27,0,0
BRDA:166,27,1,0
BRDA:168,28,0,0
BRDA:168,28,1,0
BRDA:168,29,0,0
BRDA:168,29,1,0
BRDA:168,29,2,0
BRDA:169,30,0,0
BRDA:169,30,1,0
BRDA:171,31,0,0
BRDA:171,31,1,0
BRDA:171,32,0,0
BRDA:171,32,1,0
BRDA:173,33,0,0
BRDA:173,33,1,0
BRDA:174,34,0,0
BRDA:174,34,1,0
BRDA:174,35,0,0
BRDA:174,35,1,0
BRDA:177,36,0,0
BRDA:177,36,1,0
BRDA:179,37,0,0
BRDA:179,37,1,0
BRDA:179,38,0,0
BRDA:179,38,1,0
BRDA:181,39,0,0
BRDA:181,39,1,0
BRDA:181,40,0,0
BRDA:181,40,1,0
BRDA:181,40,2,0
BRDA:185,41,0,0
BRDA:185,41,1,0
BRDA:217,42,0,0
BRDA:217,42,1,0
BRDA:229,43,0,0
BRDA:229,43,1,0
BRDA:229,44,0,0
BRDA:229,44,1,0
BRDA:230,45,0,0
BRDA:230,45,1,0
BRDA:231,46,0,0
BRDA:231,46,1,0
BRDA:231,46,2,0
BRDA:231,46,3,0
BRDA:231,46,4,0
BRDA:231,46,5,0
BRDA:240,47,0,0
BRDA:248,48,0,0
BRDA:248,48,1,0
BRDA:263,49,0,0
BRDA:272,50,0,0
BRDA:272,50,1,0
BRDA:276,51,0,0
BRDA:276,51,1,0
BRDA:291,52,0,0
BRDA:302,53,0,0
BRDA:302,53,1,0
BRDA:309,54,0,0
BRDA:315,55,0,0
BRDA:315,55,1,0
BRDA:319,56,0,0
BRDA:319,56,1,0
BRDA:329,57,0,0
BRDA:329,57,1,0
BRDA:347,58,0,0
BRDA:347,58,1,0
BRDA:350,59,0,0
BRDA:357,60,0,0
BRDA:357,60,1,0
BRDA:363,61,0,0
BRDA:363,61,1,0
BRDA:363,62,0,0
BRDA:363,62,1,0
BRDA:365,63,0,0
BRDA:365,63,1,0
BRDA:367,64,0,0
BRDA:367,64,1,0
BRDA:371,65,0,0
BRDA:371,65,1,0
BRDA:377,66,0,0
BRDA:377,66,1,0
BRDA:411,67,0,0
BRDA:411,67,1,0
BRF:152
BRH:0
end_of_record
TN:
SF:components/forgot-password-form.tsx
FN:18,ForgotPasswordForm
FN:24,(anonymous_3)
FN:78,(anonymous_4)
FNF:3
FNH:0
FNDA:0,ForgotPasswordForm
FNDA:0,(anonymous_3)
FNDA:0,(anonymous_4)
DA:3,0
DA:4,0
DA:5,0
DA:12,0
DA:13,0
DA:14,0
DA:15,0
DA:16,0
DA:18,0
DA:19,0
DA:20,0
DA:21,0
DA:22,0
DA:24,0
DA:25,0
DA:26,0
DA:27,0
DA:28,0
DA:30,0
DA:32,0
DA:35,0
DA:36,0
DA:38,0
DA:40,0
DA:78,0
LF:25
LH:0
BRDA:35,0,0,0
BRDA:35,0,1,0
BRDA:38,1,0,0
BRDA:38,1,1,0
BRDA:47,2,0,0
BRDA:81,3,0,0
BRDA:83,4,0,0
BRDA:83,4,1,0
BRF:8
BRH:0
end_of_record
TN:
SF:components/index.tsx
FN:51,DialogView
FN:54,(anonymous_3)
FN:66,(anonymous_4)
FN:128,(anonymous_5)
FN:135,(anonymous_6)
FN:159,(anonymous_7)
FN:166,(anonymous_8)
FN:212,(anonymous_9)
FN:220,(anonymous_10)
FN:226,(anonymous_11)
FN:251,SupabaseManagerDialog
FN:264,(anonymous_13)
FNF:12
FNH:0
FNDA:0,DialogView
FNDA:0,(anonymous_3)
FNDA:0,(anonymous_4)
FNDA:0,(anonymous_5)
FNDA:0,(anonymous_6)
FNDA:0,(anonymous_7)
FNDA:0,(anonymous_8)
FNDA:0,(anonymous_9)
FNDA:0,(anonymous_10)
FNDA:0,(anonymous_11)
FNDA:0,SupabaseManagerDialog
FNDA:0,(anonymous_13)
DA:3,0
DA:4,0
DA:10,0
DA:16,0
DA:17,0
DA:18,0
DA:19,0
DA:20,0
DA:21,0
DA:22,0
DA:23,0
DA:27,0
DA:39,0
DA:44,0
DA:45,0
DA:46,0
DA:47,0
DA:49,0
DA:52,0
DA:54,0
DA:55,0
DA:56,0
DA:58,0
DA:59,0
DA:62,0
DA:63,0
DA:65,0
DA:66,0
DA:106,0
DA:129,0
DA:130,0
DA:135,0
DA:160,0
DA:161,0
DA:166,0
DA:212,0
DA:221,0
DA:226,0
DA:251,0
DA:276,0
LF:40
LH:0
BRDA:55,0,0,0
BRDA:55,0,1,0
BRDA:55,1,0,0
BRDA:55,1,1,0
BRDA:63,2,0,0
BRDA:63,2,1,0
BRDA:106,3,0,0
BRDA:106,3,1,0
BRDA:113,4,0,0
BRDA:133,5,0,0
BRDA:133,5,1,0
BRDA:139,6,0,0
BRDA:139,6,1,0
BRDA:164,7,0,0
BRDA:164,7,1,0
BRDA:169,8,0,0
BRDA:169,8,1,0
BRDA:207,9,0,0
BRDA:222,10,0,0
BRDA:224,11,0,0
BRDA:237,12,0,0
BRDA:276,13,0,0
BRDA:276,13,1,0
BRF:23
BRH:0
end_of_record
TN:
SF:components/login-form.tsx
FN:15,LoginForm
FN:19,(anonymous_2)
FNF:2
FNH:0
FNDA:0,LoginForm
FNDA:0,(anonymous_2)
DA:3,0
DA:4,0
DA:5,0
DA:12,0
DA:13,0
DA:15,0
DA:16,0
DA:17,0
DA:19,0
DA:20,0
DA:21,0
DA:22,0
DA:23,0
DA:25,0
DA:26,0
DA:27,0
DA:29,0
DA:36,0
DA:38,0
DA:39,0
LF:20
LH:0
BRDA:36,0,0,0
BRDA:36,0,1,0
BRDA:38,1,0,0
BRDA:38,1,1,0
BRDA:53,2,0,0
BRDA:55,3,0,0
BRDA:55,3,1,0
BRF:7
BRH:0
end_of_record
TN:
SF:components/logo-supabase.tsx
FN:1,LogoSupabase
FNF:1
FNH:0
FNDA:0,LogoSupabase
DA:1,0
LF:1
LH:0
BRDA:1,0,0,0
BRF:1
BRH:0
end_of_record
TN:
SF:components/logout-button.tsx
FN:7,LogoutButton
FN:10,(anonymous_2)
FNF:2
FNH:0
FNDA:0,LogoutButton
FNDA:0,(anonymous_2)
DA:3,0
DA:4,0
DA:5,0
DA:7,0
DA:8,0
DA:10,0
DA:11,0
DA:12,0
DA:13,0
LF:9
LH:0
BRF:0
BRH:0
end_of_record
TN:
SF:components/logs.tsx
FN:104,LogsManager
FN:108,(anonymous_2)
FN:112,(anonymous_3)
FN:140,(anonymous_4)
FN:147,(anonymous_5)
FN:151,(anonymous_6)
FN:204,(anonymous_7)
FN:212,(anonymous_8)
FN:218,(anonymous_9)
FN:220,(anonymous_10)
FN:222,(anonymous_11)
FNF:11
FNH:0
FNDA:0,LogsManager
FNDA:0,(anonymous_2)
FNDA:0,(anonymous_3)
FNDA:0,(anonymous_4)
FNDA:0,(anonymous_5)
FNDA:0,(anonymous_6)
FNDA:0,(anonymous_7)
FNDA:0,(anonymous_8)
FNDA:0,(anonymous_9)
FNDA:0,(anonymous_10)
FNDA:0,(anonymous_11)
DA:3,0
DA:4,0
DA:12,0
DA:17,0
DA:18,0
DA:19,0
DA:27,0
DA:28,0
DA:29,0
DA:30,0
DA:31,0
DA:32,0
DA:35,0
DA:104,0
DA:105,0
DA:106,0
DA:108,0
DA:110,0
DA:112,0
DA:141,0
DA:148,0
DA:152,0
DA:153,0
DA:205,0
DA:212,0
DA:219,0
DA:221,0
DA:222,0
DA:223,0
DA:224,0
DA:226,0
DA:227,0
DA:229,0
DA:234,0
LF:34
LH:0
BRDA:131,0,0,0
BRDA:131,0,1,0
BRDA:166,1,0,0
BRDA:166,1,1,0
BRDA:178,2,0,0
BRDA:186,3,0,0
BRDA:186,3,1,0
BRDA:186,3,2,0
BRDA:192,4,0,0
BRDA:192,4,1,0
BRDA:192,4,2,0
BRDA:192,4,3,0
BRDA:199,5,0,0
BRDA:199,5,1,0
BRDA:199,5,2,0
BRDA:208,6,0,0
BRDA:208,6,1,0
BRDA:209,7,0,0
BRDA:209,7,1,0
BRDA:220,8,0,0
BRDA:220,8,1,0
BRDA:223,9,0,0
BRDA:223,9,1,0
BRDA:223,10,0,0
BRDA:223,10,1,0
BRDA:226,11,0,0
BRDA:226,11,1,0
BRDA:229,12,0,0
BRDA:229,12,1,0
BRDA:219,13,0,0
BRDA:219,13,1,0
BRDA:260,14,0,0
BRDA:260,14,1,0
BRDA:260,14,2,0
BRF:34
BRH:0
end_of_record
TN:
SF:components/realtime-avatar-stack.tsx
FN:7,(anonymous_1)
FN:9,(anonymous_2)
FN:10,(anonymous_3)
FNF:3
FNH:0
FNDA:0,(anonymous_1)
FNDA:0,(anonymous_2)
FNDA:0,(anonymous_3)
DA:3,0
DA:4,0
DA:5,0
DA:7,0
DA:8,0
DA:9,0
DA:10,0
LF:7
LH:0
BRF:0
BRH:0
end_of_record
TN:
SF:components/realtime-chat.tsx
FN:30,(anonymous_1)
FN:49,(anonymous_2)
FN:53,(anonymous_3)
FN:53,(anonymous_4)
FN:56,(anonymous_5)
FN:61,(anonymous_6)
FN:67,(anonymous_7)
FN:73,(anonymous_8)
FN:93,(anonymous_9)
FN:121,(anonymous_10)
FNF:10
FNH:0
FNDA:0,(anonymous_1)
FNDA:0,(anonymous_2)
FNDA:0,(anonymous_3)
FNDA:0,(anonymous_4)
FNDA:0,(anonymous_5)
FNDA:0,(anonymous_6)
FNDA:0,(anonymous_7)
FNDA:0,(anonymous_8)
FNDA:0,(anonymous_9)
FNDA:0,(anonymous_10)
DA:3,0
DA:4,0
DA:5,0
DA:9,0
DA:10,0
DA:11,0
DA:12,0
DA:13,0
DA:30,0
DA:36,0
DA:42,0
DA:46,0
DA:49,0
DA:50,0
DA:52,0
DA:53,0
DA:56,0
DA:58,0
DA:61,0
DA:62,0
DA:63,0
DA:67,0
DA:69,0
DA:72,0
DA:74,0
DA:75,0
DA:77,0
DA:78,0
DA:94,0
DA:95,0
DA:97,0
DA:121,0
LF:32
LH:0
BRDA:34,0,0,0
BRDA:62,1,0,0
BRDA:62,1,1,0
BRDA:75,2,0,0
BRDA:75,2,1,0
BRDA:75,3,0,0
BRDA:75,3,1,0
BRDA:87,4,0,0
BRDA:87,4,1,0
BRDA:94,5,0,0
BRDA:94,5,1,0
BRDA:95,6,0,0
BRDA:95,6,1,0
BRDA:117,7,0,0
BRDA:117,7,1,0
BRDA:117,8,0,0
BRDA:117,8,1,0
BRDA:125,9,0,0
BRDA:125,9,1,0
BRF:19
BRH:0
end_of_record
TN:
SF:components/realtime-cursors.tsx
FN:8,(anonymous_1)
FN:13,(anonymous_2)
FNF:2
FNH:0
FNDA:0,(anonymous_1)
FNDA:0,(anonymous_2)
DA:3,0
DA:4,0
DA:6,0
DA:8,0
DA:9,0
DA:14,0
LF:6
LH:0
BRF:0
BRH:0
end_of_record
TN:
SF:components/results-table.tsx
FN:18,ResultsTable
FN:30,(anonymous_2)
FN:38,(anonymous_3)
FN:41,(anonymous_4)
FN:44,(anonymous_5)
FNF:5
FNH:0
FNDA:0,ResultsTable
FNDA:0,(anonymous_2)
FNDA:0,(anonymous_3)
FNDA:0,(anonymous_4)
FNDA:0,(anonymous_5)
DA:10,0
DA:11,0
DA:18,0
DA:19,0
DA:23,0
DA:31,0
DA:39,0
DA:41,0
DA:45,0
LF:9
LH:0
BRDA:19,0,0,0
BRDA:19,0,1,0
BRDA:19,1,0,0
BRDA:19,1,1,0
BRDA:42,2,0,0
BRDA:42,2,1,0
BRF:6
BRH:0
end_of_record
TN:
SF:components/secrets.tsx
FN:26,SecretsManager
FN:42,(anonymous_2)
FN:49,(anonymous_3)
FN:56,(anonymous_4)
FN:98,(anonymous_5)
FN:132,(anonymous_8)
FN:145,(anonymous_9)
FN:162,(anonymous_10)
FN:178,(anonymous_11)
FNF:9
FNH:0
FNDA:0,SecretsManager
FNDA:0,(anonymous_2)
FNDA:0,(anonymous_3)
FNDA:0,(anonymous_4)
FNDA:0,(anonymous_5)
FNDA:0,(anonymous_8)
FNDA:0,(anonymous_9)
FNDA:0,(anonymous_10)
FNDA:0,(anonymous_11)
DA:3,0
DA:11,0
DA:12,0
DA:13,0
DA:18,0
DA:19,0
DA:20,0
DA:21,0
DA:22,0
DA:24,0
DA:26,0
DA:27,0
DA:28,0
DA:29,0
DA:30,0
DA:37,0
DA:42,0
DA:43,0
DA:50,0
DA:56,0
DA:57,0
DA:58,0
DA:65,0
DA:75,0
DA:99,0
DA:132,0
DA:145,0
DA:163,0
DA:178,0
LF:29
LH:0
BRDA:57,0,0,0
BRDA:57,0,1,0
BRDA:65,1,0,0
BRDA:65,1,1,0
BRDA:75,2,0,0
BRDA:75,2,1,0
BRDA:105,3,0,0
BRDA:118,4,0,0
BRDA:127,5,0,0
BRDA:153,6,0,0
BRDA:153,6,1,0
BRDA:162,7,0,0
BRDA:161,8,0,0
BRDA:161,8,1,0
BRDA:169,9,0,0
BRF:15
BRH:0
end_of_record
TN:
SF:components/sign-up-form.tsx
FN:19,SignUpForm
FN:27,(anonymous_3)
FN:74,(anonymous_4)
FN:86,(anonymous_5)
FN:98,(anonymous_6)
FNF:5
FNH:0
FNDA:0,SignUpForm
FNDA:0,(anonymous_3)
FNDA:0,(anonymous_4)
FNDA:0,(anonymous_5)
FNDA:0,(anonymous_6)
DA:3,0
DA:4,0
DA:5,0
DA:12,0
DA:13,0
DA:14,0
DA:15,0
DA:16,0
DA:17,0
DA:19,0
DA:20,0
DA:21,0
DA:22,0
DA:23,0
DA:24,0
DA:25,0
DA:27,0
DA:28,0
DA:29,0
DA:30,0
DA:31,0
DA:33,0
DA:34,0
DA:35,0
DA:36,0
DA:39,0
DA:40,0
DA:47,0
DA:48,0
DA:50,0
DA:52,0
DA:74,0
DA:86,0
DA:98,0
LF:34
LH:0
BRDA:33,0,0,0
BRDA:33,0,1,0
BRDA:47,1,0,0
BRDA:47,1,1,0
BRDA:50,2,0,0
BRDA:50,2,1,0
BRDA:101,3,0,0
BRDA:103,4,0,0
BRDA:103,4,1,0
BRF:9
BRH:0
end_of_record
TN:
SF:components/sql-editor.tsx
FN:53,SqlEditor
FN:80,(anonymous_2)
FN:85,(anonymous_3)
FN:91,(anonymous_4)
FN:124,(anonymous_5)
FN:130,(anonymous_6)
FN:134,(anonymous_7)
FN:140,(anonymous_8)
FN:146,(anonymous_9)
FN:152,(anonymous_10)
FN:165,(anonymous_11)
FN:173,(anonymous_12)
FN:237,(anonymous_13)
FN:255,(anonymous_14)
FN:283,(anonymous_15)
FN:284,(anonymous_16)
FN:313,(anonymous_17)
FN:379,(anonymous_18)
FN:386,QueryResultChart
FNF:19
FNH:0
FNDA:0,SqlEditor
FNDA:0,(anonymous_2)
FNDA:0,(anonymous_3)
FNDA:0,(anonymous_4)
FNDA:0,(anonymous_5)
FNDA:0,(anonymous_6)
FNDA:0,(anonymous_7)
FNDA:0,(anonymous_8)
FNDA:0,(anonymous_9)
FNDA:0,(anonymous_10)
FNDA:0,(anonymous_11)
FNDA:0,(anonymous_12)
FNDA:0,(anonymous_13)
FNDA:0,(anonymous_14)
FNDA:0,(anonymous_15)
FNDA:0,(anonymous_16)
FNDA:0,(anonymous_17)
FNDA:0,(anonymous_18)
FNDA:0,QueryResultChart
DA:3,0
DA:4,0
DA:5,0
DA:6,0
DA:7,0
DA:8,0
DA:16,0
DA:17,0
DA:18,0
DA:19,0
DA:26,0
DA:27,0
DA:33,0
DA:34,0
DA:35,0
DA:36,0
DA:53,0
DA:67,0
DA:68,0
DA:69,0
DA:72,0
DA:73,0
DA:74,0
DA:75,0
DA:76,0
DA:77,0
DA:78,0
DA:80,0
DA:81,0
DA:82,0
DA:85,0
DA:86,0
DA:87,0
DA:91,0
DA:92,0
DA:94,0
DA:95,0
DA:96,0
DA:97,0
DA:108,0
DA:109,0
DA:110,0
DA:113,0
DA:114,0
DA:115,0
DA:117,0
DA:118,0
DA:120,0
DA:124,0
DA:125,0
DA:126,0
DA:130,0
DA:131,0
DA:134,0
DA:135,0
DA:136,0
DA:140,0
DA:141,0
DA:142,0
DA:146,0
DA:147,0
DA:148,0
DA:152,0
DA:153,0
DA:154,0
DA:155,0
DA:159,0
DA:161,0
DA:162,0
DA:165,0
DA:166,0
DA:167,0
DA:168,0
DA:169,0
DA:170,0
DA:173,0
DA:174,0
DA:175,0
DA:176,0
DA:177,0
DA:238,0
DA:256,0
DA:283,0
DA:285,0
DA:286,0
DA:287,0
DA:313,0
DA:379,0
DA:387,0
LF:89
LH:0
BRDA:59,0,0,0
BRDA:60,1,0,0
BRDA:61,2,0,0
BRDA:62,3,0,0
BRDA:64,4,0,0
BRDA:65,5,0,0
BRDA:67,6,0,0
BRDA:67,6,1,0
BRDA:70,7,0,0
BRDA:70,7,1,0
BRDA:81,8,0,0
BRDA:81,8,1,0
BRDA:81,9,0,0
BRDA:81,9,1,0
BRDA:86,10,0,0
BRDA:86,10,1,0
BRDA:92,11,0,0
BRDA:92,11,1,0
BRDA:108,12,0,0
BRDA:108,12,1,0
BRDA:110,13,0,0
BRDA:110,13,1,0
BRDA:125,14,0,0
BRDA:125,14,1,0
BRDA:135,15,0,0
BRDA:135,15,1,0
BRDA:135,16,0,0
BRDA:135,16,1,0
BRDA:141,17,0,0
BRDA:141,17,1,0
BRDA:141,18,0,0
BRDA:141,18,1,0
BRDA:147,19,0,0
BRDA:147,19,1,0
BRDA:153,20,0,0
BRDA:153,20,1,0
BRDA:153,20,2,0
BRDA:154,21,0,0
BRDA:154,21,1,0
BRDA:154,22,0,0
BRDA:154,22,1,0
BRDA:154,22,2,0
BRDA:154,22,3,0
BRDA:154,22,4,0
BRDA:159,23,0,0
BRDA:159,23,1,0
BRDA:161,24,0,0
BRDA:161,24,1,0
BRDA:167,25,0,0
BRDA:167,25,1,0
BRDA:168,26,0,0
BRDA:168,26,1,0
BRDA:169,27,0,0
BRDA:169,27,1,0
BRDA:169,28,0,0
BRDA:169,28,1,0
BRDA:176,29,0,0
BRDA:176,29,1,0
BRDA:193,30,0,0
BRDA:201,31,0,0
BRDA:225,32,0,0
BRDA:231,33,0,0
BRDA:231,33,1,0
BRDA:249,34,0,0
BRDA:249,34,1,0
BRDA:273,35,0,0
BRDA:285,36,0,0
BRDA:285,36,1,0
BRDA:285,37,0,0
BRDA:285,37,1,0
BRDA:294,38,0,0
BRDA:294,38,1,0
BRDA:298,39,0,0
BRDA:300,40,0,0
BRDA:307,41,0,0
BRDA:313,42,0,0
BRDA:313,42,1,0
BRDA:332,43,0,0
BRDA:332,43,1,0
BRDA:338,44,0,0
BRDA:348,45,0,0
BRDA:357,46,0,0
BRDA:363,47,0,0
BRDA:363,47,1,0
BRDA:365,48,0,0
BRDA:365,48,1,0
BRDA:365,48,2,0
BRDA:371,49,0,0
BRDA:371,49,1,0
BRDA:371,49,2,0
BRDA:371,49,3,0
BRDA:371,49,4,0
BRDA:377,50,0,0
BRF:93
BRH:0
end_of_record
TN:
SF:components/storage.tsx
FN:11,StorageManager
FN:39,(anonymous_2)
FNF:2
FNH:0
FNDA:0,StorageManager
FNDA:0,(anonymous_2)
DA:3,0
DA:4,0
DA:5,0
DA:6,0
DA:7,0
DA:8,0
DA:9,0
DA:11,0
DA:12,0
DA:40,0
LF:10
LH:0
BRDA:21,0,0,0
BRDA:29,1,0,0
BRDA:37,2,0,0
BRDA:37,2,1,0
BRDA:37,3,0,0
BRDA:37,3,1,0
BRDA:55,4,0,0
BRDA:55,4,1,0
BRDA:56,5,0,0
BRDA:56,5,1,0
BRDA:66,6,0,0
BRDA:66,6,1,0
BRDA:66,7,0,0
BRDA:66,7,1,0
BRF:14
BRH:0
end_of_record
TN:
SF:components/suggestions.tsx
FN:12,SuggestionsManager
FN:15,(anonymous_3)
FN:18,(anonymous_4)
FN:25,(anonymous_5)
FN:63,(anonymous_6)
FN:88,(anonymous_7)
FNF:6
FNH:0
FNDA:0,SuggestionsManager
FNDA:0,(anonymous_3)
FNDA:0,(anonymous_4)
FNDA:0,(anonymous_5)
FNDA:0,(anonymous_6)
FNDA:0,(anonymous_7)
DA:3,0
DA:4,0
DA:5,0
DA:6,0
DA:7,0
DA:9,0
DA:10,0
DA:12,0
DA:13,0
DA:15,0
DA:16,0
DA:17,0
DA:18,0
DA:19,0
DA:20,0
DA:21,0
DA:25,0
DA:26,0
DA:28,0
DA:30,0
DA:32,0
DA:64,0
LF:22
LH:0
BRDA:16,0,0,0
BRDA:16,0,1,0
BRDA:19,1,0,0
BRDA:19,1,1,0
BRDA:20,2,0,0
BRDA:20,2,1,0
BRDA:26,3,0,0
BRDA:26,3,1,0
BRDA:26,3,2,0
BRDA:42,4,0,0
BRDA:50,5,0,0
BRDA:55,6,0,0
BRDA:55,6,1,0
BRDA:59,7,0,0
BRDA:62,8,0,0
BRDA:75,9,0,0
BRDA:77,10,0,0
BRDA:77,10,1,0
BRDA:90,11,0,0
BRF:19
BRH:0
end_of_record
TN:
SF:components/update-password-form.tsx
FN:18,UpdatePasswordForm
FN:24,(anonymous_2)
FN:60,(anonymous_3)
FNF:3
FNH:0
FNDA:0,UpdatePasswordForm
FNDA:0,(anonymous_2)
FNDA:0,(anonymous_3)
DA:3,0
DA:4,0
DA:5,0
DA:12,0
DA:13,0
DA:14,0
DA:15,0
DA:16,0
DA:18,0
DA:19,0
DA:20,0
DA:21,0
DA:22,0
DA:24,0
DA:25,0
DA:26,0
DA:27,0
DA:28,0
DA:30,0
DA:31,0
DA:32,0
DA:34,0
DA:36,0
DA:38,0
DA:60,0
LF:25
LH:0
BRDA:32,0,0,0
BRDA:32,0,1,0
BRDA:36,1,0,0
BRDA:36,1,1,0
BRDA:63,2,0,0
BRDA:65,3,0,0
BRDA:65,3,1,0
BRF:7
BRH:0
end_of_record
TN:
SF:components/users-growth-chart.tsx
FN:23,UsersGrowthChart
FN:59,(anonymous_5)
FN:78,(anonymous_6)
FNF:3
FNH:0
FNDA:0,UsersGrowthChart
FNDA:0,(anonymous_5)
FNDA:0,(anonymous_6)
DA:3,0
DA:4,0
DA:10,0
DA:11,0
DA:12,0
DA:13,0
DA:14,0
DA:16,0
DA:23,0
DA:30,0
DA:60,0
DA:61,0
DA:79,0
LF:13
LH:0
BRDA:34,0,0,0
BRDA:35,1,0,0
BRDA:42,2,0,0
BRDA:42,2,1,0
BRF:4
BRH:0
end_of_record
TN:
SF:components/users.tsx
FN:14,UsersManager
FN:27,(anonymous_2)
FNF:2
FNH:0
FNDA:0,UsersManager
FNDA:0,(anonymous_2)
DA:3,0
DA:4,0
DA:11,0
DA:12,0
DA:14,0
DA:15,0
DA:16,0
DA:27,0
LF:8
LH:0
BRF:0
BRH:0
end_of_record
TN:
SF:components/ui/accordion.tsx
FN:9,Accordion
FN:15,AccordionItem
FN:28,AccordionTrigger
FN:50,AccordionContent
FNF:4
FNH:0
FNDA:0,Accordion
FNDA:0,AccordionItem
FNDA:0,AccordionTrigger
FNDA:0,AccordionContent
DA:3,0
DA:4,0
DA:5,0
DA:7,0
DA:66,0
LF:5
LH:0
BRF:0
BRH:0
end_of_record
TN:
SF:components/ui/alert-dialog.tsx
FN:9,AlertDialog
FN:15,AlertDialogTrigger
FN:23,AlertDialogPortal
FN:31,AlertDialogOverlay
FN:47,AlertDialogContent
FN:66,AlertDialogHeader
FN:79,AlertDialogFooter
FN:95,AlertDialogTitle
FN:108,AlertDialogDescription
FN:121,AlertDialogAction
FN:133,AlertDialogCancel
FNF:11
FNH:0
FNDA:0,AlertDialog
FNDA:0,AlertDialogTrigger
FNDA:0,AlertDialogPortal
FNDA:0,AlertDialogOverlay
FNDA:0,AlertDialogContent
FNDA:0,AlertDialogHeader
FNDA:0,AlertDialogFooter
FNDA:0,AlertDialogTitle
FNDA:0,AlertDialogDescription
FNDA:0,AlertDialogAction
FNDA:0,AlertDialogCancel
DA:3,0
DA:4,0
DA:6,0
DA:7,0
DA:146,0
DA:147,0
DA:148,0
DA:149,0
DA:150,0
DA:151,0
DA:152,0
DA:153,0
DA:154,0
DA:155,0
DA:156,0
LF:15
LH:0
BRF:0
BRH:0
end_of_record
TN:
SF:components/ui/alert.tsx
FN:22,Alert
FN:37,AlertTitle
FN:50,AlertDescription
FNF:3
FNH:0
FNDA:0,Alert
FNDA:0,AlertTitle
FNDA:0,AlertDescription
DA:1,0
DA:2,0
DA:4,0
DA:6,0
DA:66,0
LF:5
LH:0
BRF:0
BRH:0
end_of_record
TN:
SF:components/ui/aspect-ratio.tsx
FN:5,AspectRatio
FNF:1
FNH:0
FNDA:0,AspectRatio
DA:3,0
DA:11,0
LF:2
LH:0
BRF:0
BRH:0
end_of_record
TN:
SF:components/ui/avatar.tsx
FN:8,Avatar
FN:24,AvatarImage
FN:37,AvatarFallback
FNF:3
FNH:0
FNDA:0,Avatar
FNDA:0,AvatarImage
FNDA:0,AvatarFallback
DA:3,0
DA:4,0
DA:6,0
DA:53,0
LF:4
LH:0
BRF:0
BRH:0
end_of_record
TN:
SF:components/ui/badge.tsx
FN:28,Badge
FNF:1
FNH:1
FNDA:3,Badge
DA:1,1
DA:2,1
DA:3,1
DA:5,1
DA:7,1
DA:35,3
DA:46,3
LF:7
LH:7
BRDA:31,0,0,3
BRDA:35,1,0,0
BRDA:35,1,1,3
BRF:3
BRH:2
end_of_record
TN:
SF:components/ui/breadcrumb.tsx
FN:7,Breadcrumb
FN:11,BreadcrumbList
FN:24,BreadcrumbItem
FN:34,BreadcrumbLink
FN:52,BreadcrumbPage
FN:65,BreadcrumbSeparator
FN:83,BreadcrumbEllipsis
FNF:7
FNH:0
FNDA:0,Breadcrumb
FNDA:0,BreadcrumbList
FNDA:0,BreadcrumbItem
FNDA:0,BreadcrumbLink
FNDA:0,BreadcrumbPage
FNDA:0,BreadcrumbSeparator
FNDA:0,BreadcrumbEllipsis
DA:1,0
DA:2,0
DA:3,0
DA:5,0
DA:41,0
DA:102,0
DA:103,0
DA:104,0
DA:105,0
DA:106,0
DA:107,0
DA:108,0
LF:12
LH:0
BRDA:41,0,0,0
BRDA:41,0,1,0
BRDA:78,1,0,0
BRDA:78,1,1,0
BRF:4
BRH:0
end_of_record
TN:
SF:components/ui/button.tsx
FN:38,Button
FNF:1
FNH:1
FNDA:5,Button
DA:1,1
DA:2,1
DA:3,1
DA:5,1
DA:7,1
DA:48,5
DA:59,5
LF:7
LH:7
BRDA:42,0,0,5
BRDA:48,1,0,0
BRDA:48,1,1,5
BRF:3
BRH:2
end_of_record
TN:
SF:components/ui/calendar.tsx
FN:14,Calendar
FN:39,(anonymous_7)
FN:128,(anonymous_8)
FN:138,(anonymous_9)
FN:159,(anonymous_10)
FN:175,CalendarDayButton
FN:184,(anonymous_12)
FNF:7
FNH:0
FNDA:0,Calendar
FNDA:0,(anonymous_7)
FNDA:0,(anonymous_8)
FNDA:0,(anonymous_9)
FNDA:0,(anonymous_10)
FNDA:0,CalendarDayButton
FNDA:0,(anonymous_12)
DA:3,0
DA:8,0
DA:9,0
DA:11,0
DA:12,0
DA:26,0
DA:40,0
DA:139,0
DA:145,0
DA:181,0
DA:183,0
DA:184,0
DA:185,0
DA:213,0
LF:14
LH:0
BRDA:17,0,0,0
BRDA:18,1,0,0
BRDA:19,2,0,0
BRDA:82,3,0,0
BRDA:82,3,1,0
BRDA:139,4,0,0
BRDA:139,4,1,0
BRDA:145,5,0,0
BRDA:145,5,1,0
BRDA:185,6,0,0
BRDA:185,6,1,0
BRDA:195,7,0,0
BRDA:195,7,1,0
BRDA:195,7,2,0
BRDA:195,7,3,0
BRF:15
BRH:0
end_of_record
TN:
SF:components/ui/card.tsx
FN:5,Card
FN:18,CardHeader
FN:31,CardTitle
FN:41,CardDescription
FN:51,CardAction
FN:64,CardContent
FN:74,CardFooter
FNF:7
FNH:0
FNDA:0,Card
FNDA:0,CardHeader
FNDA:0,CardTitle
FNDA:0,CardDescription
FNDA:0,CardAction
FNDA:0,CardContent
FNDA:0,CardFooter
DA:1,0
DA:3,0
DA:85,0
DA:86,0
DA:87,0
DA:88,0
DA:89,0
DA:90,0
DA:91,0
LF:9
LH:0
BRF:0
BRH:0
end_of_record
TN:
SF:components/ui/carousel.tsx
FN:35,useCarousel
FN:45,Carousel
FN:64,(anonymous_12)
FN:70,(anonymous_13)
FN:74,(anonymous_14)
FN:79,(anonymous_15)
FN:91,(anonymous_16)
FN:96,(anonymous_17)
FN:102,(anonymous_18)
FN:135,CarouselContent
FN:156,CarouselItem
FN:174,CarouselPrevious
FN:204,CarouselNext
FNF:13
FNH:0
FNDA:0,useCarousel
FNDA:0,Carousel
FNDA:0,(anonymous_12)
FNDA:0,(anonymous_13)
FNDA:0,(anonymous_14)
FNDA:0,(anonymous_15)
FNDA:0,(anonymous_16)
FNDA:0,(anonymous_17)
FNDA:0,(anonymous_18)
FNDA:0,CarouselContent
FNDA:0,CarouselItem
FNDA:0,CarouselPrevious
FNDA:0,CarouselNext
DA:3,0
DA:6,0
DA:7,0
DA:9,0
DA:10,0
DA:33,0
DA:36,0
DA:38,0
DA:39,0
DA:42,0
DA:54,0
DA:61,0
DA:62,0
DA:64,0
DA:65,0
DA:66,0
DA:67,0
DA:70,0
DA:71,0
DA:74,0
DA:75,0
DA:78,0
DA:80,0
DA:81,0
DA:82,0
DA:83,0
DA:84,0
DA:85,0
DA:91,0
DA:92,0
DA:93,0
DA:96,0
DA:97,0
DA:98,0
DA:99,0
DA:100,0
DA:102,0
DA:103,0
DA:136,0
DA:157,0
DA:180,0
DA:210,0
DA:236,0
DA:237,0
DA:238,0
DA:239,0
DA:240,0
LF:47
LH:0
BRDA:38,0,0,0
BRDA:38,0,1,0
BRDA:46,1,0,0
BRDA:57,2,0,0
BRDA:57,2,1,0
BRDA:65,3,0,0
BRDA:65,3,1,0
BRDA:80,4,0,0
BRDA:80,4,1,0
BRDA:83,5,0,0
BRDA:83,5,1,0
BRDA:92,6,0,0
BRDA:92,6,1,0
BRDA:92,7,0,0
BRDA:92,7,1,0
BRDA:97,8,0,0
BRDA:97,8,1,0
BRDA:114,9,0,0
BRDA:114,9,1,0
BRDA:114,10,0,0
BRDA:114,10,1,0
BRDA:147,11,0,0
BRDA:147,11,1,0
BRDA:166,12,0,0
BRDA:166,12,1,0
BRDA:176,13,0,0
BRDA:177,14,0,0
BRDA:189,15,0,0
BRDA:189,15,1,0
BRDA:206,16,0,0
BRDA:207,17,0,0
BRDA:219,18,0,0
BRDA:219,18,1,0
BRF:33
BRH:0
end_of_record
TN:
SF:components/ui/chart.tsx
FN:27,useChart
FN:37,ChartContainer
FN:72,(anonymous_12)
FN:74,(anonymous_13)
FN:86,(anonymous_14)
FN:89,(anonymous_15)
FN:107,ChartTooltipContent
FN:131,(anonymous_17)
FN:182,(anonymous_18)
FN:253,ChartLegendContent
FN:278,(anonymous_20)
FN:308,getPayloadConfigFromPayload
FNF:12
FNH:0
FNDA:0,useChart
FNDA:0,ChartContainer
FNDA:0,(anonymous_12)
FNDA:0,(anonymous_13)
FNDA:0,(anonymous_14)
FNDA:0,(anonymous_15)
FNDA:0,ChartTooltipContent
FNDA:0,(anonymous_17)
FNDA:0,(anonymous_18)
FNDA:0,ChartLegendContent
FNDA:0,(anonymous_20)
FNDA:0,getPayloadConfigFromPayload
DA:3,0
DA:4,0
DA:6,0
DA:9,0
DA:25,0
DA:28,0
DA:30,0
DA:31,0
DA:34,0
DA:49,0
DA:50,0
DA:72,0
DA:73,0
DA:74,0
DA:77,0
DA:78,0
DA:86,0
DA:91,0
DA:93,0
DA:105,0
DA:129,0
DA:131,0
DA:132,0
DA:133,0
DA:136,0
DA:137,0
DA:138,0
DA:140,0
DA:144,0
DA:152,0
DA:153,0
DA:167,0
DA:168,0
DA:171,0
DA:183,0
DA:184,0
DA:185,0
DA:187,0
DA:251,0
DA:264,0
DA:266,0
DA:267,0
DA:279,0
DA:280,0
DA:282,0
DA:313,0
DA:314,0
DA:318,0
DA:324,0
DA:326,0
DA:330,0
DA:331,0
DA:336,0
DA:341,0
DA:347,0
DA:348,0
DA:349,0
DA:350,0
DA:351,0
DA:352,0
LF:60
LH:0
BRDA:30,0,0,0
BRDA:30,0,1,0
BRDA:50,1,0,0
BRDA:50,1,1,0
BRDA:74,2,0,0
BRDA:74,2,1,0
BRDA:77,3,0,0
BRDA:77,3,1,0
BRDA:91,4,0,0
BRDA:91,4,1,0
BRDA:93,5,0,0
BRDA:93,5,1,0
BRDA:111,6,0,0
BRDA:112,7,0,0
BRDA:113,8,0,0
BRDA:132,9,0,0
BRDA:132,9,1,0
BRDA:132,10,0,0
BRDA:132,10,1,0
BRDA:137,11,0,0
BRDA:137,11,1,0
BRDA:137,11,2,0
BRDA:137,11,3,0
BRDA:140,12,0,0
BRDA:140,12,1,0
BRDA:140,13,0,0
BRDA:140,13,1,0
BRDA:141,14,0,0
BRDA:141,14,1,0
BRDA:144,15,0,0
BRDA:144,15,1,0
BRDA:152,16,0,0
BRDA:152,16,1,0
BRDA:167,17,0,0
BRDA:167,17,1,0
BRDA:167,18,0,0
BRDA:167,18,1,0
BRDA:171,19,0,0
BRDA:171,19,1,0
BRDA:180,20,0,0
BRDA:180,20,1,0
BRDA:183,21,0,0
BRDA:183,21,1,0
BRDA:183,21,2,0
BRDA:183,21,3,0
BRDA:185,22,0,0
BRDA:185,22,1,0
BRDA:185,22,2,0
BRDA:192,23,0,0
BRDA:192,23,1,0
BRDA:196,24,0,0
BRDA:195,25,0,0
BRDA:195,25,1,0
BRDA:195,25,2,0
BRDA:200,26,0,0
BRDA:202,27,0,0
BRDA:211,28,0,0
BRDA:211,28,1,0
BRDA:226,29,0,0
BRDA:226,29,1,0
BRDA:230,30,0,0
BRDA:230,30,1,0
BRDA:232,31,0,0
BRDA:232,31,1,0
BRDA:235,32,0,0
BRDA:255,33,0,0
BRDA:257,34,0,0
BRDA:266,35,0,0
BRDA:266,35,1,0
BRDA:274,36,0,0
BRDA:274,36,1,0
BRDA:279,37,0,0
BRDA:279,37,1,0
BRDA:279,37,2,0
BRDA:290,38,0,0
BRDA:289,39,0,0
BRDA:289,39,1,0
BRDA:313,40,0,0
BRDA:313,40,1,0
BRDA:313,41,0,0
BRDA:313,41,1,0
BRDA:318,42,0,0
BRDA:318,42,1,0
BRDA:318,43,0,0
BRDA:318,43,1,0
BRDA:318,43,2,0
BRDA:326,44,0,0
BRDA:326,44,1,0
BRDA:327,45,0,0
BRDA:327,45,1,0
BRDA:331,46,0,0
BRDA:331,46,1,0
BRDA:332,47,0,0
BRDA:332,47,1,0
BRDA:332,47,2,0
BRDA:341,48,0,0
BRDA:341,48,1,0
BRF:97
BRH:0
end_of_record
TN:
SF:components/ui/checkbox.tsx
FN:9,Checkbox
FNF:1
FNH:0
FNDA:0,Checkbox
DA:3,0
DA:4,0
DA:5,0
DA:7,0
DA:32,0
LF:5
LH:0
BRF:0
BRH:0
end_of_record
TN:
SF:components/ui/collapsible.tsx
FN:5,Collapsible
FN:11,CollapsibleTrigger
FN:22,CollapsibleContent
FNF:3
FNH:0
FNDA:0,Collapsible
FNDA:0,CollapsibleTrigger
FNDA:0,CollapsibleContent
DA:3,0
DA:33,0
LF:2
LH:0
BRF:0
BRH:0
end_of_record
TN:
SF:components/ui/command.tsx
FN:16,Command
FN:32,CommandDialog
FN:63,CommandInput
FN:85,CommandList
FN:101,CommandEmpty
FN:113,CommandGroup
FN:129,CommandSeparator
FN:142,CommandItem
FN:158,CommandShortcut
FNF:9
FNH:0
FNDA:0,Command
FNDA:0,CommandDialog
FNDA:0,CommandInput
FNDA:0,CommandList
FNDA:0,CommandEmpty
FNDA:0,CommandGroup
FNDA:0,CommandSeparator
FNDA:0,CommandItem
FNDA:0,CommandShortcut
DA:3,0
DA:4,0
DA:5,0
DA:7,0
DA:14,0
DA:175,0
DA:176,0
DA:177,0
DA:178,0
DA:179,0
DA:180,0
DA:181,0
DA:182,0
DA:183,0
LF:14
LH:0
BRDA:33,0,0,0
BRDA:34,1,0,0
BRDA:37,2,0,0
BRF:3
BRH:0
end_of_record
TN:
SF:components/ui/context-menu.tsx
FN:9,ContextMenu
FN:15,ContextMenuTrigger
FN:23,ContextMenuGroup
FN:31,ContextMenuPortal
FN:39,ContextMenuSub
FN:45,ContextMenuRadioGroup
FN:56,ContextMenuSubTrigger
FN:80,ContextMenuSubContent
FN:96,ContextMenuContent
FN:114,ContextMenuItem
FN:137,ContextMenuCheckboxItem
FN:163,ContextMenuRadioItem
FN:187,ContextMenuLabel
FN:207,ContextMenuSeparator
FN:220,ContextMenuShortcut
FNF:15
FNH:0
FNDA:0,ContextMenu
FNDA:0,ContextMenuTrigger
FNDA:0,ContextMenuGroup
FNDA:0,ContextMenuPortal
FNDA:0,ContextMenuSub
FNDA:0,ContextMenuRadioGroup
FNDA:0,ContextMenuSubTrigger
FNDA:0,ContextMenuSubContent
FNDA:0,ContextMenuContent
FNDA:0,ContextMenuItem
FNDA:0,ContextMenuCheckboxItem
FNDA:0,ContextMenuRadioItem
FNDA:0,ContextMenuLabel
FNDA:0,ContextMenuSeparator
FNDA:0,ContextMenuShortcut
DA:3,0
DA:4,0
DA:5,0
DA:7,0
DA:237,0
DA:238,0
DA:239,0
DA:240,0
DA:241,0
DA:242,0
DA:243,0
DA:244,0
DA:245,0
DA:246,0
DA:247,0
DA:248,0
DA:249,0
DA:250,0
DA:251,0
LF:19
LH:0
BRDA:117,0,0,0
BRF:1
BRH:0
end_of_record
TN:
SF:components/ui/dialog.tsx
FN:9,Dialog
FN:15,DialogTrigger
FN:21,DialogPortal
FN:27,DialogClose
FN:33,DialogOverlay
FN:49,DialogContent
FN:83,DialogHeader
FN:93,DialogFooter
FN:106,DialogTitle
FN:119,DialogDescription
FNF:10
FNH:0
FNDA:0,Dialog
FNDA:0,DialogTrigger
FNDA:0,DialogPortal
FNDA:0,DialogClose
FNDA:0,DialogOverlay
FNDA:0,DialogContent
FNDA:0,DialogHeader
FNDA:0,DialogFooter
FNDA:0,DialogTitle
FNDA:0,DialogDescription
DA:3,0
DA:4,0
DA:5,0
DA:7,0
DA:133,0
DA:134,0
DA:135,0
DA:136,0
DA:137,0
DA:138,0
DA:139,0
DA:140,0
DA:141,0
DA:142,0
LF:14
LH:0
BRDA:52,0,0,0
BRDA:69,1,0,0
BRF:2
BRH:0
end_of_record
TN:
SF:components/ui/drawer.tsx
FN:8,Drawer
FN:14,DrawerTrigger
FN:20,DrawerPortal
FN:26,DrawerClose
FN:32,DrawerOverlay
FN:48,DrawerContent
FN:75,DrawerHeader
FN:88,DrawerFooter
FN:98,DrawerTitle
FN:111,DrawerDescription
FNF:10
FNH:0
FNDA:0,Drawer
FNDA:0,DrawerTrigger
FNDA:0,DrawerPortal
FNDA:0,DrawerClose
FNDA:0,DrawerOverlay
FNDA:0,DrawerContent
FNDA:0,DrawerHeader
FNDA:0,DrawerFooter
FNDA:0,DrawerTitle
FNDA:0,DrawerDescription
DA:3,0
DA:4,0
DA:6,0
DA:125,0
DA:126,0
DA:127,0
DA:128,0
DA:129,0
DA:130,0
DA:131,0
DA:132,0
DA:133,0
DA:134,0
LF:13
LH:0
BRF:0
BRH:0
end_of_record
TN:
SF:components/ui/dropdown-menu.tsx
FN:9,DropdownMenu
FN:15,DropdownMenuPortal
FN:23,DropdownMenuTrigger
FN:34,DropdownMenuContent
FN:54,DropdownMenuGroup
FN:62,DropdownMenuItem
FN:85,DropdownMenuCheckboxItem
FN:111,DropdownMenuRadioGroup
FN:122,DropdownMenuRadioItem
FN:146,DropdownMenuLabel
FN:166,DropdownMenuSeparator
FN:179,DropdownMenuShortcut
FN:195,DropdownMenuSub
FN:201,DropdownMenuSubTrigger
FN:225,DropdownMenuSubContent
FNF:15
FNH:0
FNDA:0,DropdownMenu
FNDA:0,DropdownMenuPortal
FNDA:0,DropdownMenuTrigger
FNDA:0,DropdownMenuContent
FNDA:0,DropdownMenuGroup
FNDA:0,DropdownMenuItem
FNDA:0,DropdownMenuCheckboxItem
FNDA:0,DropdownMenuRadioGroup
FNDA:0,DropdownMenuRadioItem
FNDA:0,DropdownMenuLabel
FNDA:0,DropdownMenuSeparator
FNDA:0,DropdownMenuShortcut
FNDA:0,DropdownMenuSub
FNDA:0,DropdownMenuSubTrigger
FNDA:0,DropdownMenuSubContent
DA:3,0
DA:4,0
DA:5,0
DA:7,0
DA:242,0
DA:243,0
DA:244,0
DA:245,0
DA:246,0
DA:247,0
DA:248,0
DA:249,0
DA:250,0
DA:251,0
DA:252,0
DA:253,0
DA:254,0
DA:255,0
DA:256,0
LF:19
LH:0
BRDA:36,0,0,0
BRDA:65,1,0,0
BRF:2
BRH:0
end_of_record
TN:
SF:components/ui/form.tsx
FN:32,(anonymous_12)
FN:45,(anonymous_13)
FN:76,FormItem
FN:90,FormLabel
FN:107,FormControl
FN:125,FormDescription
FN:138,FormMessage
FNF:7
FNH:0
FNDA:0,(anonymous_12)
FNDA:0,(anonymous_13)
FNDA:0,FormItem
FNDA:0,FormLabel
FNDA:0,FormControl
FNDA:0,FormDescription
FNDA:0,FormMessage
DA:3,0
DA:5,0
DA:14,0
DA:16,0
DA:17,0
DA:19,0
DA:28,0
DA:32,0
DA:45,0
DA:46,0
DA:47,0
DA:48,0
DA:49,0
DA:50,0
DA:52,0
DA:53,0
DA:56,0
DA:58,0
DA:72,0
DA:77,0
DA:94,0
DA:108,0
DA:126,0
DA:139,0
DA:140,0
DA:142,0
DA:143,0
DA:159,0
DA:160,0
DA:161,0
DA:162,0
DA:163,0
DA:164,0
DA:165,0
DA:166,0
LF:35
LH:0
BRDA:52,0,0,0
BRDA:52,0,1,0
BRDA:115,1,0,0
BRDA:115,1,1,0
BRDA:140,2,0,0
BRDA:140,2,1,0
BRDA:140,3,0,0
BRDA:140,3,1,0
BRDA:142,4,0,0
BRDA:142,4,1,0
BRF:10
BRH:0
end_of_record
TN:
SF:components/ui/hover-card.tsx
FN:8,HoverCard
FN:14,HoverCardTrigger
FN:22,HoverCardContent
FNF:3
FNH:0
FNDA:0,HoverCard
FNDA:0,HoverCardTrigger
FNDA:0,HoverCardContent
DA:3,0
DA:4,0
DA:6,0
DA:44,0
LF:4
LH:0
BRDA:24,0,0,0
BRDA:25,1,0,0
BRF:2
BRH:0
end_of_record
TN:
SF:components/ui/input-otp.tsx
FN:9,InputOTP
FN:29,InputOTPGroup
FN:39,InputOTPSlot
FN:69,InputOTPSeparator
FNF:4
FNH:0
FNDA:0,InputOTP
FNDA:0,InputOTPGroup
FNDA:0,InputOTPSlot
FNDA:0,InputOTPSeparator
DA:3,0
DA:4,0
DA:5,0
DA:7,0
DA:46,0
DA:47,0
DA:77,0
LF:7
LH:0
BRDA:47,0,0,0
BRDA:47,0,1,0
BRDA:60,1,0,0
BRF:3
BRH:0
end_of_record
TN:
SF:components/ui/input.tsx
FN:5,Input
FNF:1
FNH:0
FNDA:0,Input
DA:1,0
DA:3,0
DA:21,0
LF:3
LH:0
BRF:0
BRH:0
end_of_record
TN:
SF:components/ui/label.tsx
FN:8,Label
FNF:1
FNH:0
FNDA:0,Label
DA:3,0
DA:4,0
DA:6,0
DA:24,0
LF:4
LH:0
BRF:0
BRH:0
end_of_record
TN:
SF:components/ui/menubar.tsx
FN:9,Menubar
FN:25,MenubarMenu
FN:31,MenubarGroup
FN:37,MenubarPortal
FN:43,MenubarRadioGroup
FN:51,MenubarTrigger
FN:67,MenubarContent
FN:91,MenubarItem
FN:114,MenubarCheckboxItem
FN:140,MenubarRadioItem
FN:164,MenubarLabel
FN:184,MenubarSeparator
FN:197,MenubarShortcut
FN:213,MenubarSub
FN:219,MenubarSubTrigger
FN:243,MenubarSubContent
FNF:16
FNH:0
FNDA:0,Menubar
FNDA:0,MenubarMenu
FNDA:0,MenubarGroup
FNDA:0,MenubarPortal
FNDA:0,MenubarRadioGroup
FNDA:0,MenubarTrigger
FNDA:0,MenubarContent
FNDA:0,MenubarItem
FNDA:0,MenubarCheckboxItem
FNDA:0,MenubarRadioItem
FNDA:0,MenubarLabel
FNDA:0,MenubarSeparator
FNDA:0,MenubarShortcut
FNDA:0,MenubarSub
FNDA:0,MenubarSubTrigger
FNDA:0,MenubarSubContent
DA:3,0
DA:4,0
DA:5,0
DA:7,0
DA:260,0
DA:261,0
DA:262,0
DA:263,0
DA:264,0
DA:265,0
DA:266,0
DA:267,0
DA:268,0
DA:269,0
DA:270,0
DA:271,0
DA:272,0
DA:273,0
DA:274,0
DA:275,0
LF:20
LH:0
BRDA:69,0,0,0
BRDA:70,1,0,0
BRDA:71,2,0,0
BRDA:94,3,0,0
BRF:4
BRH:0
end_of_record
TN:
SF:components/ui/navigation-menu.tsx
FN:8,NavigationMenu
FN:32,NavigationMenuList
FN:48,NavigationMenuItem
FN:65,NavigationMenuTrigger
FN:85,NavigationMenuContent
FN:102,NavigationMenuViewport
FN:124,NavigationMenuLink
FN:140,NavigationMenuIndicator
FNF:8
FNH:0
FNDA:0,NavigationMenu
FNDA:0,NavigationMenuList
FNDA:0,NavigationMenuItem
FNDA:0,NavigationMenuTrigger
FNDA:0,NavigationMenuContent
FNDA:0,NavigationMenuViewport
FNDA:0,NavigationMenuLink
FNDA:0,NavigationMenuIndicator
DA:1,0
DA:2,0
DA:3,0
DA:4,0
DA:6,0
DA:61,0
DA:159,0
DA:160,0
DA:161,0
DA:162,0
DA:163,0
DA:164,0
DA:165,0
DA:166,0
DA:167,0
LF:15
LH:0
BRDA:11,0,0,0
BRDA:27,1,0,0
BRDA:27,1,1,0
BRF:3
BRH:0
end_of_record
TN:
SF:components/ui/pagination.tsx
FN:11,Pagination
FN:23,PaginationContent
FN:36,PaginationItem
FN:45,PaginationLink
FN:68,PaginationPrevious
FN:85,PaginationNext
FN:102,PaginationEllipsis
FNF:7
FNH:0
FNDA:0,Pagination
FNDA:0,PaginationContent
FNDA:0,PaginationItem
FNDA:0,PaginationLink
FNDA:0,PaginationPrevious
FNDA:0,PaginationNext
FNDA:0,PaginationEllipsis
DA:1,0
DA:6,0
DA:8,0
DA:9,0
DA:120,0
DA:121,0
DA:122,0
DA:123,0
DA:124,0
DA:125,0
DA:126,0
LF:11
LH:0
BRDA:48,0,0,0
BRDA:53,1,0,0
BRDA:53,1,1,0
BRDA:58,2,0,0
BRDA:58,2,1,0
BRF:5
BRH:0
end_of_record
TN:
SF:components/ui/popover.tsx
FN:8,Popover
FN:14,PopoverTrigger
FN:20,PopoverContent
FN:42,PopoverAnchor
FNF:4
FNH:0
FNDA:0,Popover
FNDA:0,PopoverTrigger
FNDA:0,PopoverContent
FNDA:0,PopoverAnchor
DA:3,0
DA:4,0
DA:6,0
DA:48,0
LF:4
LH:0
BRDA:22,0,0,0
BRDA:23,1,0,0
BRF:2
BRH:0
end_of_record
TN:
SF:components/ui/progress.tsx
FN:8,Progress
FNF:1
FNH:0
FNDA:0,Progress
DA:3,0
DA:4,0
DA:6,0
DA:31,0
LF:4
LH:0
BRDA:25,0,0,0
BRDA:25,0,1,0
BRF:2
BRH:0
end_of_record
TN:
SF:components/ui/radio-group.tsx
FN:9,RadioGroup
FN:22,RadioGroupItem
FNF:2
FNH:0
FNDA:0,RadioGroup
FNDA:0,RadioGroupItem
DA:3,0
DA:4,0
DA:5,0
DA:7,0
DA:45,0
LF:5
LH:0
BRF:0
BRH:0
end_of_record
TN:
SF:components/ui/resizable.tsx
FN:9,ResizablePanelGroup
FN:25,ResizablePanel
FN:31,ResizableHandle
FNF:3
FNH:0
FNDA:0,ResizablePanelGroup
FNDA:0,ResizablePanel
FNDA:0,ResizableHandle
DA:3,0
DA:4,0
DA:5,0
DA:7,0
DA:56,0
LF:5
LH:0
BRDA:47,0,0,0
BRF:1
BRH:0
end_of_record
TN:
SF:components/ui/scroll-area.tsx
FN:8,ScrollArea
FN:31,ScrollBar
FNF:2
FNH:0
FNDA:0,ScrollArea
FNDA:0,ScrollBar
DA:3,0
DA:4,0
DA:6,0
DA:58,0
LF:4
LH:0
BRDA:33,0,0,0
BRDA:42,1,0,0
BRDA:42,1,1,0
BRDA:44,2,0,0
BRDA:44,2,1,0
BRF:5
BRH:0
end_of_record
TN:
SF:components/ui/select.tsx
FN:9,Select
FN:15,SelectGroup
FN:21,SelectValue
FN:27,SelectTrigger
FN:53,SelectContent
FN:88,SelectLabel
FN:101,SelectItem
FN:125,SelectSeparator
FN:138,SelectScrollUpButton
FN:156,SelectScrollDownButton
FNF:10
FNH:0
FNDA:0,Select
FNDA:0,SelectGroup
FNDA:0,SelectValue
FNDA:0,SelectTrigger
FNDA:0,SelectContent
FNDA:0,SelectLabel
FNDA:0,SelectItem
FNDA:0,SelectSeparator
FNDA:0,SelectScrollUpButton
FNDA:0,SelectScrollDownButton
DA:3,0
DA:4,0
DA:5,0
DA:7,0
DA:175,0
DA:176,0
DA:177,0
DA:178,0
DA:179,0
DA:180,0
DA:181,0
DA:182,0
DA:183,0
DA:184,0
LF:14
LH:0
BRDA:29,0,0,0
BRDA:56,1,0,0
BRDA:65,2,0,0
BRDA:65,2,1,0
BRDA:76,3,0,0
BRDA:76,3,1,0
BRF:6
BRH:0
end_of_record
TN:
SF:components/ui/separator.tsx
FN:8,Separator
FNF:1
FNH:0
FNDA:0,Separator
DA:3,1
DA:4,1
DA:6,1
DA:28,0
LF:4
LH:3
BRDA:10,0,0,0
BRDA:11,1,0,0
BRF:2
BRH:0
end_of_record
TN:
SF:components/ui/sheet.tsx
FN:9,Sheet
FN:13,SheetTrigger
FN:19,SheetClose
FN:25,SheetPortal
FN:31,SheetOverlay
FN:47,SheetContent
FN:84,SheetHeader
FN:94,SheetFooter
FN:104,SheetTitle
FN:117,SheetDescription
FNF:10
FNH:0
FNDA:0,Sheet
FNDA:0,SheetTrigger
FNDA:0,SheetClose
FNDA:0,SheetPortal
FNDA:0,SheetOverlay
FNDA:0,SheetContent
FNDA:0,SheetHeader
FNDA:0,SheetFooter
FNDA:0,SheetTitle
FNDA:0,SheetDescription
DA:3,0
DA:4,0
DA:5,0
DA:7,0
DA:131,0
DA:132,0
DA:133,0
DA:134,0
DA:135,0
DA:136,0
DA:137,0
DA:138,0
LF:12
LH:0
BRDA:50,0,0,0
BRDA:62,1,0,0
BRDA:62,1,1,0
BRDA:64,2,0,0
BRDA:64,2,1,0
BRDA:66,3,0,0
BRDA:66,3,1,0
BRDA:68,4,0,0
BRDA:68,4,1,0
BRF:9
BRH:0
end_of_record
TN:
SF:components/ui/sidebar.tsx
FN:47,useSidebar
FN:56,SidebarProvider
FN:77,(anonymous_30)
FN:92,(anonymous_31)
FN:93,(anonymous_32)
FN:93,(anonymous_33)
FN:97,(anonymous_34)
FN:98,(anonymous_35)
FN:109,(anonymous_36)
FN:117,(anonymous_37)
FN:154,Sidebar
FN:256,SidebarTrigger
FN:270,(anonymous_40)
FN:282,SidebarRail
FN:307,SidebarInset
FN:321,SidebarInput
FN:335,SidebarHeader
FN:346,SidebarFooter
FN:357,SidebarSeparator
FN:371,SidebarContent
FN:385,SidebarGroup
FN:396,SidebarGroupLabel
FN:417,SidebarGroupAction
FN:440,SidebarGroupContent
FN:454,SidebarMenu
FN:465,SidebarMenuItem
FN:498,SidebarMenuButton
FN:548,SidebarMenuAction
FN:580,SidebarMenuBadge
FN:602,SidebarMenuSkeleton
FN:610,(anonymous_58)
FN:640,SidebarMenuSub
FN:655,SidebarMenuSubItem
FN:669,SidebarMenuSubButton
FNF:34
FNH:0
FNDA:0,useSidebar
FNDA:0,SidebarProvider
FNDA:0,(anonymous_30)
FNDA:0,(anonymous_31)
FNDA:0,(anonymous_32)
FNDA:0,(anonymous_33)
FNDA:0,(anonymous_34)
FNDA:0,(anonymous_35)
FNDA:0,(anonymous_36)
FNDA:0,(anonymous_37)
FNDA:0,Sidebar
FNDA:0,SidebarTrigger
FNDA:0,(anonymous_40)
FNDA:0,SidebarRail
FNDA:0,SidebarInset
FNDA:0,SidebarInput
FNDA:0,SidebarHeader
FNDA:0,SidebarFooter
FNDA:0,SidebarSeparator
FNDA:0,SidebarContent
FNDA:0,SidebarGroup
FNDA:0,SidebarGroupLabel
FNDA:0,SidebarGroupAction
FNDA:0,SidebarGroupContent
FNDA:0,SidebarMenu
FNDA:0,SidebarMenuItem
FNDA:0,SidebarMenuButton
FNDA:0,SidebarMenuAction
FNDA:0,SidebarMenuBadge
FNDA:0,SidebarMenuSkeleton
FNDA:0,(anonymous_58)
FNDA:0,SidebarMenuSub
FNDA:0,SidebarMenuSubItem
FNDA:0,SidebarMenuSubButton
DA:3,0
DA:4,0
DA:5,0
DA:6,0
DA:8,0
DA:9,0
DA:10,0
DA:11,0
DA:12,0
DA:19,0
DA:20,0
DA:26,0
DA:28,0
DA:29,0
DA:30,0
DA:31,0
DA:32,0
DA:33,0
DA:45,0
DA:48,0
DA:49,0
DA:50,0
DA:53,0
DA:69,0
DA:70,0
DA:74,0
DA:75,0
DA:76,0
DA:78,0
DA:79,0
DA:80,0
DA:82,0
DA:86,0
DA:92,0
DA:93,0
DA:97,0
DA:98,0
DA:99,0
DA:103,0
DA:104,0
DA:108,0
DA:109,0
DA:114,0
DA:116,0
DA:117,0
DA:166,0
DA:168,0
DA:183,0
DA:261,0
DA:271,0
DA:272,0
DA:283,0
DA:401,0
DA:422,0
DA:476,0
DA:511,0
DA:512,0
DA:525,0
DA:526,0
DA:529,0
DA:530,0
DA:557,0
DA:610,0
DA:611,0
DA:680,0
DA:702,0
DA:703,0
DA:704,0
DA:705,0
DA:706,0
DA:707,0
DA:708,0
DA:709,0
DA:710,0
DA:711,0
DA:712,0
DA:713,0
DA:714,0
DA:715,0
DA:716,0
DA:717,0
DA:718,0
DA:719,0
DA:720,0
DA:721,0
DA:722,0
DA:723,0
DA:724,0
DA:725,0
LF:89
LH:0
BRDA:49,0,0,0
BRDA:49,0,1,0
BRDA:57,1,0,0
BRDA:75,2,0,0
BRDA:75,2,1,0
BRDA:78,3,0,0
BRDA:78,3,1,0
BRDA:79,4,0,0
BRDA:79,4,1,0
BRDA:93,5,0,0
BRDA:93,5,1,0
BRDA:99,6,0,0
BRDA:99,6,1,0
BRDA:100,7,0,0
BRDA:100,7,1,0
BRDA:100,7,2,0
BRDA:114,8,0,0
BRDA:114,8,1,0
BRDA:155,9,0,0
BRDA:156,10,0,0
BRDA:157,11,0,0
BRDA:168,12,0,0
BRDA:168,12,1,0
BRDA:183,13,0,0
BRDA:183,13,1,0
BRDA:212,14,0,0
BRDA:212,14,1,0
BRDA:224,15,0,0
BRDA:224,15,1,0
BRDA:224,16,0,0
BRDA:224,16,1,0
BRDA:233,17,0,0
BRDA:233,17,1,0
BRDA:237,18,0,0
BRDA:237,18,1,0
BRDA:237,19,0,0
BRDA:237,19,1,0
BRDA:398,20,0,0
BRDA:401,21,0,0
BRDA:401,21,1,0
BRDA:419,22,0,0
BRDA:422,23,0,0
BRDA:422,23,1,0
BRDA:499,24,0,0
BRDA:500,25,0,0
BRDA:501,26,0,0
BRDA:502,27,0,0
BRDA:511,28,0,0
BRDA:511,28,1,0
BRDA:525,29,0,0
BRDA:525,29,1,0
BRDA:529,30,0,0
BRDA:529,30,1,0
BRDA:541,31,0,0
BRDA:541,31,1,0
BRDA:550,32,0,0
BRDA:551,33,0,0
BRDA:557,34,0,0
BRDA:557,34,1,0
BRDA:571,35,0,0
BRDA:571,35,1,0
BRDA:604,36,0,0
BRDA:621,37,0,0
BRDA:670,38,0,0
BRDA:671,39,0,0
BRDA:672,40,0,0
BRDA:680,41,0,0
BRDA:680,41,1,0
BRDA:691,42,0,0
BRDA:691,42,1,0
BRDA:692,43,0,0
BRDA:692,43,1,0
BRF:72
BRH:0
end_of_record
TN:
SF:components/ui/skeleton.tsx
FN:3,Skeleton
FNF:1
FNH:0
FNDA:0,Skeleton
DA:1,0
DA:13,0
LF:2
LH:0
BRF:0
BRH:0
end_of_record
TN:
SF:components/ui/slider.tsx
FN:8,Slider
FN:17,(anonymous_5)
FN:52,(anonymous_6)
FNF:3
FNH:0
FNDA:0,Slider
FNDA:0,(anonymous_5)
FNDA:0,(anonymous_6)
DA:3,0
DA:4,0
DA:6,0
DA:16,0
DA:18,0
DA:53,0
DA:63,0
LF:7
LH:0
BRDA:12,0,0,0
BRDA:13,1,0,0
BRDA:18,2,0,0
BRDA:18,2,1,0
BRDA:20,3,0,0
BRDA:20,3,1,0
BRF:6
BRH:0
end_of_record
TN:
SF:components/ui/sonner.tsx
FN:6,(anonymous_1)
FNF:1
FNH:0
FNDA:0,(anonymous_1)
DA:3,0
DA:4,0
DA:6,0
DA:7,0
DA:25,0
LF:5
LH:0
BRDA:7,0,0,0
BRF:1
BRH:0
end_of_record
TN:
SF:components/ui/switch.tsx
FN:8,Switch
FNF:1
FNH:0
FNDA:0,Switch
DA:3,0
DA:4,0
DA:6,0
DA:31,0
LF:4
LH:0
BRF:0
BRH:0
end_of_record
TN:
SF:components/ui/table.tsx
FN:7,Table
FN:22,TableHeader
FN:32,TableBody
FN:42,TableFooter
FN:55,TableRow
FN:68,TableHead
FN:81,TableCell
FN:94,TableCaption
FNF:8
FNH:0
FNDA:0,Table
FNDA:0,TableHeader
FNDA:0,TableBody
FNDA:0,TableFooter
FNDA:0,TableRow
FNDA:0,TableHead
FNDA:0,TableCell
FNDA:0,TableCaption
DA:3,0
DA:5,0
DA:108,0
DA:109,0
DA:110,0
DA:111,0
DA:112,0
DA:113,0
DA:114,0
DA:115,0
LF:10
LH:0
BRF:0
BRH:0
end_of_record
TN:
SF:components/ui/tabs.tsx
FN:8,Tabs
FN:21,TabsList
FN:37,TabsTrigger
FN:53,TabsContent
FNF:4
FNH:0
FNDA:0,Tabs
FNDA:0,TabsList
FNDA:0,TabsTrigger
FNDA:0,TabsContent
DA:3,0
DA:4,0
DA:6,0
DA:66,0
LF:4
LH:0
BRF:0
BRH:0
end_of_record
TN:
SF:components/ui/textarea.tsx
FN:5,Textarea
FNF:1
FNH:0
FNDA:0,Textarea
DA:1,0
DA:3,0
DA:18,0
LF:3
LH:0
BRF:0
BRH:0
end_of_record
TN:
SF:components/ui/toggle-group.tsx
FN:17,ToggleGroup
FN:43,ToggleGroupItem
FNF:2
FNH:0
FNDA:0,ToggleGroup
FNDA:0,ToggleGroupItem
DA:3,0
DA:4,0
DA:7,0
DA:8,0
DA:10,0
DA:51,0
DA:73,0
LF:7
LH:0
BRDA:56,0,0,0
BRDA:56,0,1,0
BRDA:57,1,0,0
BRDA:57,1,1,0
BRDA:60,2,0,0
BRDA:60,2,1,0
BRDA:61,3,0,0
BRDA:61,3,1,0
BRF:8
BRH:0
end_of_record
TN:
SF:components/ui/toggle.tsx
FN:31,Toggle
FNF:1
FNH:0
FNDA:0,Toggle
DA:3,0
DA:4,0
DA:5,0
DA:7,0
DA:9,0
DA:47,0
LF:6
LH:0
BRF:0
BRH:0
end_of_record
TN:
SF:components/ui/tooltip.tsx
FN:8,TooltipProvider
FN:21,Tooltip
FN:31,TooltipTrigger
FN:37,TooltipContent
FNF:4
FNH:0
FNDA:0,TooltipProvider
FNDA:0,Tooltip
FNDA:0,TooltipTrigger
FNDA:0,TooltipContent
DA:3,0
DA:4,0
DA:6,0
DA:61,0
LF:4
LH:0
BRDA:9,0,0,0
BRDA:39,1,0,0
BRF:2
BRH:0
end_of_record
TN:
SF:contexts/SheetNavigationContext.tsx
FN:20,SheetNavigationProvider
FN:31,(anonymous_4)
FN:32,(anonymous_5)
FN:35,(anonymous_6)
FN:36,(anonymous_7)
FN:45,(anonymous_8)
FN:47,(anonymous_9)
FN:50,(anonymous_10)
FN:56,(anonymous_11)
FN:63,useSheetNavigation
FNF:10
FNH:0
FNDA:0,SheetNavigationProvider
FNDA:0,(anonymous_4)
FNDA:0,(anonymous_5)
FNDA:0,(anonymous_6)
FNDA:0,(anonymous_7)
FNDA:0,(anonymous_8)
FNDA:0,(anonymous_9)
FNDA:0,(anonymous_10)
FNDA:0,(anonymous_11)
FNDA:0,useSheetNavigation
DA:3,0
DA:18,0
DA:20,0
DA:29,0
DA:31,0
DA:32,0
DA:35,0
DA:36,0
DA:37,0
DA:38,0
DA:39,0
DA:41,0
DA:45,0
DA:46,0
DA:47,0
DA:50,0
DA:51,0
DA:52,0
DA:55,0
DA:56,0
DA:63,0
DA:64,0
DA:65,0
DA:66,0
DA:68,0
LF:25
LH:0
BRDA:23,0,0,0
BRDA:38,1,0,0
BRDA:38,1,1,0
BRDA:46,2,0,0
BRDA:46,2,1,0
BRDA:65,3,0,0
BRDA:65,3,1,0
BRF:7
BRH:0
end_of_record
TN:
SF:hooks/use-auth.ts
FN:9,(anonymous_3)
FN:22,(anonymous_4)
FN:25,(anonymous_5)
FN:32,(anonymous_6)
FN:54,(anonymous_7)
FN:58,(anonymous_8)
FN:64,(anonymous_9)
FNF:7
FNH:0
FNDA:0,(anonymous_3)
FNDA:0,(anonymous_4)
FNDA:0,(anonymous_5)
FNDA:0,(anonymous_6)
FNDA:0,(anonymous_7)
FNDA:0,(anonymous_8)
FNDA:0,(anonymous_9)
DA:3,0
DA:5,0
DA:7,0
DA:9,0
DA:10,0
DA:15,0
DA:16,0
DA:19,0
DA:22,0
DA:23,0
DA:25,0
DA:32,0
DA:39,0
DA:47,0
DA:48,0
DA:51,0
DA:54,0
DA:55,0
DA:56,0
DA:59,0
DA:60,0
DA:65,0
LF:22
LH:0
BRDA:15,0,0,0
BRDA:15,0,1,0
BRDA:47,1,0,0
BRDA:47,1,1,0
BRDA:65,2,0,0
BRDA:65,2,1,0
BRF:6
BRH:0
end_of_record
TN:
SF:hooks/use-chat-scroll.tsx
FN:3,useChatScroll
FN:6,(anonymous_2)
FNF:2
FNH:0
FNDA:0,useChatScroll
FNDA:0,(anonymous_2)
DA:1,0
DA:3,0
DA:4,0
DA:6,0
DA:7,0
DA:9,0
DA:10,0
DA:16,0
LF:8
LH:0
BRDA:7,0,0,0
BRDA:7,0,1,0
BRF:2
BRH:0
end_of_record
TN:
SF:hooks/use-current-user-image.ts
FN:4,(anonymous_1)
FN:7,(anonymous_2)
FN:8,(anonymous_3)
FNF:3
FNH:0
FNDA:0,(anonymous_1)
FNDA:0,(anonymous_2)
FNDA:0,(anonymous_3)
DA:1,0
DA:2,0
DA:4,0
DA:5,0
DA:7,0
DA:8,0
DA:9,0
DA:10,0
DA:11,0
DA:14,0
DA:16,0
DA:19,0
LF:12
LH:0
BRDA:10,0,0,0
BRDA:10,0,1,0
BRDA:14,1,0,0
BRDA:14,1,1,0
BRF:4
BRH:0
end_of_record
TN:
SF:hooks/use-current-user-name.ts
FN:4,(anonymous_1)
FN:7,(anonymous_2)
FN:8,(anonymous_3)
FNF:3
FNH:0
FNDA:0,(anonymous_1)
FNDA:0,(anonymous_2)
FNDA:0,(anonymous_3)
DA:1,0
DA:2,0
DA:4,0
DA:5,0
DA:7,0
DA:8,0
DA:9,0
DA:10,0
DA:11,0
DA:14,0
DA:17,0
DA:20,0
LF:12
LH:0
BRDA:10,0,0,0
BRDA:10,0,1,0
BRDA:14,1,0,0
BRDA:14,1,1,0
BRDA:20,2,0,0
BRDA:20,2,1,0
BRF:6
BRH:0
end_of_record
TN:
SF:hooks/use-infinite-query.ts
FN:73,createStore
FN:90,(anonymous_2)
FN:91,(anonymous_3)
FN:94,(anonymous_4)
FN:99,(anonymous_5)
FN:118,(anonymous_6)
FN:118,(anonymous_7)
FN:131,(anonymous_8)
FN:136,(anonymous_9)
FN:143,(anonymous_10)
FN:144,(anonymous_11)
FN:146,(anonymous_12)
FN:164,useInfiniteQuery
FN:172,(anonymous_14)
FN:173,(anonymous_15)
FN:176,(anonymous_16)
FNF:16
FNH:0
FNDA:0,createStore
FNDA:0,(anonymous_2)
FNDA:0,(anonymous_3)
FNDA:0,(anonymous_4)
FNDA:0,(anonymous_5)
FNDA:0,(anonymous_6)
FNDA:0,(anonymous_7)
FNDA:0,(anonymous_8)
FNDA:0,(anonymous_9)
FNDA:0,(anonymous_10)
FNDA:0,(anonymous_11)
FNDA:0,(anonymous_12)
FNDA:0,useInfiniteQuery
FNDA:0,(anonymous_14)
FNDA:0,(anonymous_15)
FNDA:0,(anonymous_16)
DA:3,0
DA:6,0
DA:8,0
DA:76,0
DA:78,0
DA:88,0
DA:90,0
DA:91,0
DA:94,0
DA:95,0
DA:96,0
DA:99,0
DA:100,0
DA:102,0
DA:104,0
DA:108,0
DA:109,0
DA:111,0
DA:113,0
DA:114,0
DA:115,0
DA:117,0
DA:118,0
DA:121,0
DA:128,0
DA:131,0
DA:132,0
DA:133,0
DA:136,0
DA:137,0
DA:138,0
DA:139,0
DA:142,0
DA:143,0
DA:145,0
DA:146,0
DA:154,0
DA:168,0
DA:170,0
DA:172,0
DA:173,0
DA:176,0
DA:178,0
DA:184,0
DA:187,0
DA:188,0
DA:192,0
DA:205,0
LF:48
LH:0
BRDA:76,0,0,0
BRDA:76,1,0,0
BRDA:100,2,0,0
BRDA:100,2,1,0
BRDA:100,3,0,0
BRDA:100,3,1,0
BRDA:100,3,2,0
BRDA:108,4,0,0
BRDA:108,4,1,0
BRDA:113,5,0,0
BRDA:113,5,1,0
BRDA:117,6,0,0
BRDA:117,6,1,0
BRDA:123,7,0,0
BRDA:123,7,1,0
BRDA:132,8,0,0
BRDA:132,8,1,0
BRDA:178,9,0,0
BRDA:178,9,1,0
BRDA:179,10,0,0
BRDA:179,10,1,0
BRDA:179,10,2,0
BRDA:179,10,3,0
BRDA:187,11,0,0
BRDA:187,11,1,0
BRDA:187,12,0,0
BRDA:187,12,1,0
BRF:27
BRH:0
end_of_record
TN:
SF:hooks/use-logs.ts
FN:7,(anonymous_1)
FN:37,(anonymous_2)
FN:49,(anonymous_3)
FNF:3
FNH:0
FNDA:0,(anonymous_1)
FNDA:0,(anonymous_2)
FNDA:0,(anonymous_3)
DA:3,0
DA:4,0
DA:7,0
DA:18,0
DA:30,0
DA:31,0
DA:34,0
DA:37,0
DA:45,0
DA:47,0
DA:50,0
DA:51,0
DA:53,0
DA:58,0
LF:14
LH:0
BRDA:30,0,0,0
BRDA:30,0,1,0
BRDA:39,1,0,0
BRDA:55,2,0,0
BRDA:55,2,1,0
BRDA:56,3,0,0
BRDA:56,3,1,0
BRF:7
BRH:0
end_of_record
TN:
SF:hooks/use-mobile.ts
FN:5,useIsMobile
FN:8,(anonymous_5)
FN:10,(anonymous_6)
FN:15,(anonymous_7)
FNF:4
FNH:0
FNDA:0,useIsMobile
FNDA:0,(anonymous_5)
FNDA:0,(anonymous_6)
FNDA:0,(anonymous_7)
DA:1,0
DA:3,0
DA:5,0
DA:6,0
DA:8,0
DA:9,0
DA:10,0
DA:11,0
DA:13,0
DA:14,0
DA:15,0
DA:18,0
LF:12
LH:0
BRF:0
BRH:0
end_of_record
TN:
SF:hooks/use-realtime-chat.tsx
FN:22,useRealtimeChat
FN:28,(anonymous_2)
FN:32,(anonymous_3)
FN:33,(anonymous_4)
FN:35,(anonymous_5)
FN:43,(anonymous_6)
FN:49,(anonymous_7)
FN:62,(anonymous_8)
FNF:8
FNH:0
FNDA:0,useRealtimeChat
FNDA:0,(anonymous_2)
FNDA:0,(anonymous_3)
FNDA:0,(anonymous_4)
FNDA:0,(anonymous_5)
FNDA:0,(anonymous_6)
FNDA:0,(anonymous_7)
FNDA:0,(anonymous_8)
DA:3,0
DA:4,0
DA:20,0
DA:22,0
DA:23,0
DA:24,0
DA:25,0
DA:26,0
DA:28,0
DA:29,0
DA:31,0
DA:33,0
DA:36,0
DA:37,0
DA:41,0
DA:43,0
DA:44,0
DA:48,0
DA:50,0
DA:52,0
DA:62,0
DA:64,0
DA:73,0
LF:23
LH:0
BRDA:36,0,0,0
BRDA:36,0,1,0
BRDA:50,1,0,0
BRDA:50,1,1,0
BRDA:50,2,0,0
BRDA:50,2,1,0
BRF:6
BRH:0
end_of_record
TN:
SF:hooks/use-realtime-cursors.ts
FN:9,(anonymous_1)
FN:17,(anonymous_2)
FN:29,(anonymous_3)
FN:42,(anonymous_4)
FN:44,(anonymous_5)
FN:61,(anonymous_6)
FN:77,(anonymous_7)
FN:104,(anonymous_8)
FN:109,(anonymous_9)
FN:114,(anonymous_10)
FN:127,(anonymous_11)
FN:132,(anonymous_12)
FN:137,(anonymous_13)
FNF:13
FNH:0
FNDA:0,(anonymous_1)
FNDA:0,(anonymous_2)
FNDA:0,(anonymous_3)
FNDA:0,(anonymous_4)
FNDA:0,(anonymous_5)
FNDA:0,(anonymous_6)
FNDA:0,(anonymous_7)
FNDA:0,(anonymous_8)
FNDA:0,(anonymous_9)
FNDA:0,(anonymous_10)
FNDA:0,(anonymous_11)
FNDA:0,(anonymous_12)
FNDA:0,(anonymous_13)
DA:1,0
DA:3,0
DA:9,0
DA:13,0
DA:14,0
DA:16,0
DA:18,0
DA:19,0
DA:21,0
DA:22,0
DA:23,0
DA:24,0
DA:26,0
DA:27,0
DA:28,0
DA:29,0
DA:30,0
DA:31,0
DA:32,0
DA:40,0
DA:42,0
DA:44,0
DA:46,0
DA:61,0
DA:70,0
DA:71,0
DA:72,0
DA:74,0
DA:76,0
DA:78,0
DA:80,0
DA:93,0
DA:102,0
DA:104,0
DA:105,0
DA:106,0
DA:108,0
DA:110,0
DA:112,0
DA:114,0
DA:115,0
DA:116,0
DA:119,0
DA:127,0
DA:128,0
DA:132,0
DA:134,0
DA:137,0
DA:138,0
DA:142,0
LF:50
LH:0
BRDA:21,0,0,0
BRDA:21,0,1,0
BRDA:22,1,0,0
BRDA:22,1,1,0
BRDA:28,2,0,0
BRDA:28,2,1,0
BRDA:112,3,0,0
BRDA:112,3,1,0
BRDA:115,4,0,0
BRDA:115,4,1,0
BRF:10
BRH:0
end_of_record
TN:
SF:hooks/use-realtime-presence-room.ts
FN:16,(anonymous_1)
FN:22,(anonymous_2)
FN:26,(anonymous_3)
FN:30,(anonymous_4)
FN:37,(anonymous_5)
FN:48,(anonymous_6)
FNF:6
FNH:0
FNDA:0,(anonymous_1)
FNDA:0,(anonymous_2)
FNDA:0,(anonymous_3)
FNDA:0,(anonymous_4)
FNDA:0,(anonymous_5)
FNDA:0,(anonymous_6)
DA:3,0
DA:4,0
DA:5,0
DA:6,0
DA:8,0
DA:16,0
DA:17,0
DA:18,0
DA:20,0
DA:22,0
DA:23,0
DA:25,0
DA:27,0
DA:29,0
DA:30,0
DA:35,0
DA:38,0
DA:39,0
DA:42,0
DA:48,0
DA:49,0
DA:53,0
LF:22
LH:0
BRDA:38,0,0,0
BRDA:38,0,1,0
BRF:2
BRH:0
end_of_record
TN:
SF:hooks/use-run-query.ts
FN:9,(anonymous_3)
FN:37,(anonymous_4)
FN:40,(anonymous_5)
FNF:3
FNH:0
FNDA:0,(anonymous_3)
FNDA:0,(anonymous_4)
FNDA:0,(anonymous_5)
DA:3,0
DA:4,0
DA:6,0
DA:9,0
DA:18,0
DA:30,0
DA:31,0
DA:34,0
DA:37,0
DA:38,0
DA:41,0
LF:11
LH:0
BRDA:30,0,0,0
BRDA:30,0,1,0
BRDA:41,1,0,0
BRDA:41,1,1,0
BRF:4
BRH:0
end_of_record
TN:
SF:hooks/use-secrets.ts
FN:10,(anonymous_4)
FN:25,(anonymous_5)
FN:28,(anonymous_6)
FN:35,(anonymous_7)
FN:57,(anonymous_8)
FN:61,(anonymous_9)
FN:67,(anonymous_10)
FN:74,(anonymous_11)
FN:96,(anonymous_12)
FN:100,(anonymous_13)
FN:106,(anonymous_14)
FNF:11
FNH:0
FNDA:0,(anonymous_4)
FNDA:0,(anonymous_5)
FNDA:0,(anonymous_6)
FNDA:0,(anonymous_7)
FNDA:0,(anonymous_8)
FNDA:0,(anonymous_9)
FNDA:0,(anonymous_10)
FNDA:0,(anonymous_11)
FNDA:0,(anonymous_12)
FNDA:0,(anonymous_13)
FNDA:0,(anonymous_14)
DA:3,0
DA:5,0
DA:7,0
DA:10,0
DA:11,0
DA:18,0
DA:19,0
DA:22,0
DA:25,0
DA:26,0
DA:28,0
DA:35,0
DA:42,0
DA:50,0
DA:51,0
DA:54,0
DA:57,0
DA:58,0
DA:59,0
DA:62,0
DA:63,0
DA:68,0
DA:74,0
DA:81,0
DA:89,0
DA:90,0
DA:93,0
DA:96,0
DA:97,0
DA:98,0
DA:101,0
DA:102,0
DA:107,0
LF:33
LH:0
BRDA:18,0,0,0
BRDA:18,0,1,0
BRDA:50,1,0,0
BRDA:50,1,1,0
BRDA:68,2,0,0
BRDA:68,2,1,0
BRDA:89,3,0,0
BRDA:89,3,1,0
BRDA:107,4,0,0
BRDA:107,4,1,0
BRF:10
BRH:0
end_of_record
TN:
SF:hooks/use-storage.ts
FN:7,(anonymous_3)
FN:22,(anonymous_4)
FN:25,(anonymous_5)
FN:32,(anonymous_6)
FN:57,(anonymous_7)
FN:60,(anonymous_8)
FNF:6
FNH:0
FNDA:0,(anonymous_3)
FNDA:0,(anonymous_4)
FNDA:0,(anonymous_5)
FNDA:0,(anonymous_6)
FNDA:0,(anonymous_7)
FNDA:0,(anonymous_8)
DA:3,0
DA:4,0
DA:7,0
DA:8,0
DA:15,0
DA:16,0
DA:19,0
DA:22,0
DA:23,0
DA:25,0
DA:32,0
DA:33,0
DA:50,0
DA:51,0
DA:54,0
DA:57,0
DA:58,0
DA:60,0
LF:18
LH:0
BRDA:15,0,0,0
BRDA:15,0,1,0
BRDA:50,1,0,0
BRDA:50,1,1,0
BRDA:61,2,0,0
BRDA:61,2,1,0
BRF:6
BRH:0
end_of_record
TN:
SF:hooks/use-suggestions.ts
FN:7,(anonymous_1)
FN:35,(anonymous_2)
FN:39,(anonymous_3)
FN:46,(anonymous_4)
FN:49,(anonymous_5)
FNF:5
FNH:0
FNDA:0,(anonymous_1)
FNDA:0,(anonymous_2)
FNDA:0,(anonymous_3)
FNDA:0,(anonymous_4)
FNDA:0,(anonymous_5)
DA:3,0
DA:4,0
DA:7,0
DA:11,0
DA:27,0
DA:28,0
DA:30,0
DA:31,0
DA:35,0
DA:39,0
DA:43,0
DA:46,0
DA:47,0
DA:49,0
LF:14
LH:0
BRDA:27,0,0,0
BRDA:27,0,1,0
BRDA:30,1,0,0
BRDA:30,1,1,0
BRDA:35,2,0,0
BRDA:35,2,1,0
BRDA:39,3,0,0
BRDA:39,3,1,0
BRF:8
BRH:0
end_of_record
TN:
SF:hooks/use-supabase-upload.ts
FN:55,(anonymous_1)
FN:71,(anonymous_2)
FN:82,(anonymous_3)
FN:84,(anonymous_4)
FN:84,(anonymous_5)
FN:85,(anonymous_6)
FN:91,(anonymous_7)
FN:107,(anonymous_8)
FN:113,(anonymous_9)
FN:118,(anonymous_10)
FN:122,(anonymous_11)
FN:123,(anonymous_12)
FN:128,(anonymous_13)
FN:143,(anonymous_14)
FN:147,(anonymous_15)
FN:149,(anonymous_16)
FN:156,(anonymous_17)
FN:164,(anonymous_18)
FN:165,(anonymous_19)
FN:166,(anonymous_20)
FNF:20
FNH:0
FNDA:0,(anonymous_1)
FNDA:0,(anonymous_2)
FNDA:0,(anonymous_3)
FNDA:0,(anonymous_4)
FNDA:0,(anonymous_5)
FNDA:0,(anonymous_6)
FNDA:0,(anonymous_7)
FNDA:0,(anonymous_8)
FNDA:0,(anonymous_9)
FNDA:0,(anonymous_10)
FNDA:0,(anonymous_11)
FNDA:0,(anonymous_12)
FNDA:0,(anonymous_13)
FNDA:0,(anonymous_14)
FNDA:0,(anonymous_15)
FNDA:0,(anonymous_16)
FNDA:0,(anonymous_17)
FNDA:0,(anonymous_18)
FNDA:0,(anonymous_19)
FNDA:0,(anonymous_20)
DA:1,0
DA:2,0
DA:3,0
DA:5,0
DA:55,0
DA:64,0
DA:66,0
DA:67,0
DA:68,0
DA:69,0
DA:71,0
DA:72,0
DA:73,0
DA:75,0
DA:76,0
DA:78,0
DA:81,0
DA:83,0
DA:84,0
DA:86,0
DA:87,0
DA:88,0
DA:91,0
DA:92,0
DA:93,0
DA:94,0
DA:97,0
DA:99,0
DA:104,0
DA:107,0
DA:113,0
DA:114,0
DA:118,0
DA:120,0
DA:122,0
DA:123,0
DA:127,0
DA:129,0
DA:135,0
DA:136,0
DA:138,0
DA:143,0
DA:145,0
DA:147,0
DA:148,0
DA:149,0
DA:151,0
DA:153,0
DA:156,0
DA:157,0
DA:158,0
DA:162,0
DA:163,0
DA:164,0
DA:165,0
DA:166,0
DA:167,0
DA:169,0
DA:171,0
DA:172,0
DA:177,0
DA:193,0
LF:62
LH:0
BRDA:59,0,0,0
BRDA:60,1,0,0
BRDA:61,2,0,0
BRDA:62,3,0,0
BRDA:63,4,0,0
BRDA:72,5,0,0
BRDA:72,5,1,0
BRDA:72,6,0,0
BRDA:72,6,1,0
BRDA:75,7,0,0
BRDA:75,7,1,0
BRDA:75,8,0,0
BRDA:75,8,1,0
BRDA:120,9,0,0
BRDA:120,9,1,0
BRDA:131,10,0,0
BRDA:131,10,1,0
BRDA:135,11,0,0
BRDA:135,11,1,0
BRDA:157,12,0,0
BRDA:157,12,1,0
BRDA:162,13,0,0
BRDA:162,13,1,0
BRDA:165,14,0,0
BRDA:165,14,1,0
BRDA:171,15,0,0
BRDA:171,15,1,0
BRF:27
BRH:0
end_of_record
TN:
SF:hooks/use-tables.ts
FN:8,(anonymous_1)
FN:17,(anonymous_2)
FN:20,(anonymous_3)
FNF:3
FNH:0
FNDA:0,(anonymous_1)
FNDA:0,(anonymous_2)
FNDA:0,(anonymous_3)
DA:3,0
DA:4,0
DA:5,0
DA:8,0
DA:9,0
DA:10,0
DA:17,0
DA:18,0
DA:20,0
LF:9
LH:0
BRF:0
BRH:0
end_of_record
TN:
SF:hooks/use-user-counts.ts
FN:7,(anonymous_1)
FN:40,(anonymous_2)
FN:43,(anonymous_3)
FNF:3
FNH:0
FNDA:0,(anonymous_1)
FNDA:0,(anonymous_2)
FNDA:0,(anonymous_3)
DA:3,0
DA:4,0
DA:7,0
DA:8,0
DA:33,0
DA:40,0
DA:41,0
DA:43,0
LF:8
LH:0
BRF:0
BRH:0
end_of_record
TN:
SF:lib/client.ts
FN:3,createClient
FNF:1
FNH:0
FNDA:0,createClient
DA:1,0
DA:3,0
DA:4,0
LF:3
LH:0
BRF:0
BRH:0
end_of_record
TN:
SF:lib/index.ts
FN:15,listTablesSql
FN:29,(anonymous_6)
FN:31,(anonymous_7)
FN:40,listExtensionsSql
FN:47,(anonymous_9)
FNF:5
FNH:0
FNDA:0,listTablesSql
FNDA:0,(anonymous_6)
FNDA:0,(anonymous_7)
FNDA:0,listExtensionsSql
FNDA:0,(anonymous_9)
DA:1,0
DA:3,0
DA:5,0
DA:15,0
DA:16,0
DA:26,0
DA:28,0
DA:29,0
DA:31,0
DA:34,0
DA:40,0
DA:41,0
DA:47,0
DA:48,0
LF:14
LH:0
BRDA:15,0,0,0
BRDA:28,1,0,0
BRDA:28,1,1,0
BRF:3
BRH:0
end_of_record
TN:
SF:lib/logs.ts
FN:17,(anonymous_4)
FN:41,(anonymous_5)
FNF:2
FNH:0
FNDA:0,(anonymous_4)
FNDA:0,(anonymous_5)
DA:1,0
DA:17,0
DA:18,0
DA:20,0
DA:24,0
DA:27,0
DA:29,0
DA:31,0
DA:35,0
DA:37,0
DA:41,0
DA:42,0
DA:43,0
DA:45,0
DA:47,0
DA:54,0
DA:61,0
DA:68,0
DA:75,0
DA:82,0
DA:89,0
DA:96,0
DA:105,0
LF:23
LH:0
BRDA:18,0,0,0
BRDA:18,0,1,0
BRDA:18,0,2,0
BRDA:18,0,3,0
BRDA:18,0,4,0
BRDA:18,0,5,0
BRDA:18,0,6,0
BRDA:41,1,0,0
BRDA:45,2,0,0
BRDA:45,2,1,0
BRDA:45,2,2,0
BRDA:45,2,3,0
BRDA:45,2,4,0
BRDA:45,2,5,0
BRDA:45,2,6,0
BRDA:45,2,7,0
BRDA:45,2,8,0
BRF:17
BRH:0
end_of_record
TN:
SF:lib/management-api.ts
FNF:0
FNH:0
DA:1,0
DA:4,0
LF:2
LH:0
BRF:0
BRH:0
end_of_record
TN:
SF:lib/pg-meta.ts
FN:1,(anonymous_3)
FNF:1
FNH:0
FNDA:0,(anonymous_3)
DA:1,0
DA:2,0
DA:6,0
DA:17,0
LF:4
LH:0
BRDA:2,0,0,0
BRDA:2,0,1,0
BRDA:2,1,0,0
BRDA:2,1,1,0
BRF:4
BRH:0
end_of_record
TN:
SF:lib/secrets.ts
FNF:0
FNH:0
DA:1,0
DA:3,0
DA:22,0
LF:3
LH:0
BRF:0
BRH:0
end_of_record
TN:
SF:lib/server.ts
FN:8,createClient
FN:16,(anonymous_2)
FN:19,(anonymous_3)
FN:21,(anonymous_4)
FNF:4
FNH:0
FNDA:0,createClient
FNDA:0,(anonymous_2)
FNDA:0,(anonymous_3)
FNDA:0,(anonymous_4)
DA:1,0
DA:2,0
DA:8,0
DA:9,0
DA:11,0
DA:17,0
DA:20,0
DA:21,0
DA:22,0
LF:9
LH:0
BRF:0
BRH:0
end_of_record
TN:
SF:lib/sql.ts
FNF:0
FNH:0
DA:1,0
DA:113,0
DA:214,0
LF:3
LH:0
BRF:0
BRH:0
end_of_record
TN:
SF:lib/types.ts
FNF:0
FNH:0
DA:1,0
DA:3,0
DA:10,0
DA:21,0
DA:42,0
DA:64,0
LF:6
LH:0
BRF:0
BRH:0
end_of_record
TN:
SF:lib/utils.ts
FN:4,cn
FNF:1
FNH:1
FNDA:12,cn
DA:1,3
DA:2,3
DA:4,12
DA:5,12
LF:4
LH:4
BRF:0
BRH:0
end_of_record
TN:
SF:lib/schemas/auth.ts
FNF:0
FNH:0
DA:1,0
DA:3,0
DA:18,0
DA:25,0
DA:31,0
DA:38,0
LF:6
LH:0
BRF:0
BRH:0
end_of_record
TN:
SF:lib/schemas/secrets.ts
FNF:0
FNH:0
DA:1,0
DA:3,0
DA:8,0
LF:3
LH:0
BRF:0
BRH:0
end_of_record
